2025-06-16 10:17:27 [background-preinit] INFO  o.h.validator.internal.util.Version - HV000001: Hibernate Validator 8.0.2.Final
2025-06-16 10:17:28 [main] INFO  c.h.d.c.SpecializationControllerTest - Starting SpecializationControllerTest using Java 21.0.4 with PID 33476 (started by vaddivijaya.lakshmi in C:\Users\vaddivijaya.lakshmi\IdeaProjects\CapstoneProject\DoctorPatientService)
2025-06-16 10:17:28 [main] DEBUG c.h.d.c.SpecializationControllerTest - Running with Spring Boot v3.4.2, Spring v6.2.2
2025-06-16 10:17:28 [main] INFO  c.h.d.c.SpecializationControllerTest - No active profile set, falling back to 1 default profile: "default"
2025-06-16 10:17:50 [main] TRACE o.s.s.c.a.a.c.AuthenticationConfiguration$EnableGlobalAuthenticationAutowiredConfigurer - Eagerly initializing {org.springframework.boot.autoconfigure.security.servlet.SpringBootWebSecurityConfiguration$WebSecurityEnablerConfiguration=org.springframework.boot.autoconfigure.security.servlet.SpringBootWebSecurityConfiguration$WebSecurityEnablerConfiguration@738a815c}
2025-06-16 10:17:50 [main] WARN  o.s.b.a.s.s.UserDetailsServiceAutoConfiguration - 

Using generated security password: 4f256501-2675-470f-8c92-34ae72d4525e

This generated password is for development use only. Your security configuration must be updated before running your application in production.

2025-06-16 10:17:50 [main] INFO  o.s.s.c.a.a.c.InitializeUserDetailsBeanManagerConfigurer$InitializeUserDetailsManagerConfigurer - Global AuthenticationManager configured with UserDetailsService bean with name inMemoryUserDetailsManager
2025-06-16 10:17:51 [main] DEBUG o.s.s.web.DefaultSecurityFilterChain - Will secure any request with filters: DisableEncodeUrlFilter, WebAsyncManagerIntegrationFilter, SecurityContextHolderFilter, HeaderWriterFilter, LogoutFilter, RequestCacheAwareFilter, SecurityContextHolderAwareRequestFilter, AnonymousAuthenticationFilter, ExceptionTranslationFilter, AuthorizationFilter
2025-06-16 10:17:55 [main] INFO  o.s.b.t.m.w.SpringBootMockServletContext - Initializing Spring TestDispatcherServlet ''
2025-06-16 10:17:55 [main] INFO  o.s.t.w.s.TestDispatcherServlet - Initializing Servlet ''
2025-06-16 10:17:55 [main] INFO  o.s.t.w.s.TestDispatcherServlet - Completed initialization in 6 ms
2025-06-16 10:17:55 [main] INFO  c.h.d.c.SpecializationControllerTest - Started SpecializationControllerTest in 30.198 seconds (process running for 49.902)
2025-06-16 10:17:57 [main] TRACE o.s.s.w.c.HttpSessionSecurityContextRepository - No HttpSession currently exists
2025-06-16 10:17:57 [main] TRACE o.s.s.w.c.HttpSessionSecurityContextRepository - Created SecurityContextImpl [Null authentication]
2025-06-16 10:17:57 [main] TRACE o.s.s.w.c.SupplierDeferredSecurityContext - Created SecurityContextImpl [Null authentication]
2025-06-16 10:17:57 [main] DEBUG o.s.s.w.c.HttpSessionSecurityContextRepository - Created HttpSession as SecurityContext is non-default
2025-06-16 10:17:57 [main] DEBUG o.s.s.w.c.HttpSessionSecurityContextRepository - Stored SecurityContextImpl [Authentication=UsernamePasswordAuthenticationToken [Principal=org.springframework.security.core.userdetails.User [Username=testuser, Password=[PROTECTED], Enabled=true, AccountNonExpired=true, CredentialsNonExpired=true, AccountNonLocked=true, Granted Authorities=[ROLE_ADMIN]], Credentials=[PROTECTED], Authenticated=true, Details=null, Granted Authorities=[ROLE_ADMIN]]] to HttpSession [org.springframework.mock.web.MockHttpSession@774c5e5c]
2025-06-16 10:17:58 [main] INFO  c.h.d.c.SpecializationController - Specialization created successfully
SpecializationDto(id=85319b8a-dda8-4a72-ba5f-e45fd6e37082, specialization=Cardiology)
2025-06-16 10:18:00 [main] TRACE o.s.s.w.c.HttpSessionSecurityContextRepository - No HttpSession currently exists
2025-06-16 10:18:00 [main] TRACE o.s.s.w.c.HttpSessionSecurityContextRepository - Created SecurityContextImpl [Null authentication]
2025-06-16 10:18:00 [main] TRACE o.s.s.w.c.SupplierDeferredSecurityContext - Created SecurityContextImpl [Null authentication]
2025-06-16 10:18:00 [main] DEBUG o.s.s.w.c.HttpSessionSecurityContextRepository - Created HttpSession as SecurityContext is non-default
2025-06-16 10:18:00 [main] DEBUG o.s.s.w.c.HttpSessionSecurityContextRepository - Stored SecurityContextImpl [Authentication=UsernamePasswordAuthenticationToken [Principal=org.springframework.security.core.userdetails.User [Username=testuser, Password=[PROTECTED], Enabled=true, AccountNonExpired=true, CredentialsNonExpired=true, AccountNonLocked=true, Granted Authorities=[ROLE_ADMIN]], Credentials=[PROTECTED], Authenticated=true, Details=null, Granted Authorities=[ROLE_ADMIN]]] to HttpSession [org.springframework.mock.web.MockHttpSession@18b45500]
2025-06-16 10:18:00 [main] INFO  c.h.d.c.SpecializationController - Specialization deleted successfully
2025-06-16 10:18:00 [main] TRACE o.s.s.w.c.HttpSessionSecurityContextRepository - No HttpSession currently exists
2025-06-16 10:18:00 [main] TRACE o.s.s.w.c.HttpSessionSecurityContextRepository - Created SecurityContextImpl [Null authentication]
2025-06-16 10:18:00 [main] TRACE o.s.s.w.c.SupplierDeferredSecurityContext - Created SecurityContextImpl [Null authentication]
2025-06-16 10:18:00 [main] DEBUG o.s.s.w.c.HttpSessionSecurityContextRepository - Created HttpSession as SecurityContext is non-default
2025-06-16 10:18:00 [main] DEBUG o.s.s.w.c.HttpSessionSecurityContextRepository - Stored SecurityContextImpl [Authentication=UsernamePasswordAuthenticationToken [Principal=org.springframework.security.core.userdetails.User [Username=testuser, Password=[PROTECTED], Enabled=true, AccountNonExpired=true, CredentialsNonExpired=true, AccountNonLocked=true, Granted Authorities=[ROLE_ADMIN]], Credentials=[PROTECTED], Authenticated=true, Details=null, Granted Authorities=[ROLE_ADMIN]]] to HttpSession [org.springframework.mock.web.MockHttpSession@18f8ebd4]
2025-06-16 10:18:00 [main] INFO  c.h.d.c.SpecializationController - Retrieve Specialization
SpecializationDto(id=bc50a3c4-0f42-427a-94b4-2048b8fb882d, specialization=Orthopedics)
2025-06-16 10:18:00 [main] TRACE o.s.s.w.c.HttpSessionSecurityContextRepository - No HttpSession currently exists
2025-06-16 10:18:00 [main] TRACE o.s.s.w.c.HttpSessionSecurityContextRepository - Created SecurityContextImpl [Null authentication]
2025-06-16 10:18:00 [main] TRACE o.s.s.w.c.SupplierDeferredSecurityContext - Created SecurityContextImpl [Null authentication]
2025-06-16 10:18:00 [main] DEBUG o.s.s.w.c.HttpSessionSecurityContextRepository - Created HttpSession as SecurityContext is non-default
2025-06-16 10:18:00 [main] DEBUG o.s.s.w.c.HttpSessionSecurityContextRepository - Stored SecurityContextImpl [Authentication=UsernamePasswordAuthenticationToken [Principal=org.springframework.security.core.userdetails.User [Username=testuser, Password=[PROTECTED], Enabled=true, AccountNonExpired=true, CredentialsNonExpired=true, AccountNonLocked=true, Granted Authorities=[ROLE_ADMIN]], Credentials=[PROTECTED], Authenticated=true, Details=null, Granted Authorities=[ROLE_ADMIN]]] to HttpSession [org.springframework.mock.web.MockHttpSession@554d040d]
2025-06-16 10:18:00 [main] INFO  c.h.d.c.SpecializationController - Specialization updated successfullySpecializationDto(id=155a9899-f33c-4a8a-9508-4da1b088fd9d, specialization=Updated Specialization)
2025-06-16 10:18:00 [main] TRACE o.s.s.w.c.HttpSessionSecurityContextRepository - No HttpSession currently exists
2025-06-16 10:18:00 [main] TRACE o.s.s.w.c.HttpSessionSecurityContextRepository - Created SecurityContextImpl [Null authentication]
2025-06-16 10:18:00 [main] TRACE o.s.s.w.c.SupplierDeferredSecurityContext - Created SecurityContextImpl [Null authentication]
2025-06-16 10:18:00 [main] DEBUG o.s.s.w.c.HttpSessionSecurityContextRepository - Created HttpSession as SecurityContext is non-default
2025-06-16 10:18:00 [main] DEBUG o.s.s.w.c.HttpSessionSecurityContextRepository - Stored SecurityContextImpl [Authentication=UsernamePasswordAuthenticationToken [Principal=org.springframework.security.core.userdetails.User [Username=user, Password=[PROTECTED], Enabled=true, AccountNonExpired=true, CredentialsNonExpired=true, AccountNonLocked=true, Granted Authorities=[ROLE_ADMIN]], Credentials=[PROTECTED], Authenticated=true, Details=null, Granted Authorities=[ROLE_ADMIN]]] to HttpSession [org.springframework.mock.web.MockHttpSession@4c9cce17]
2025-06-16 10:18:00 [main] INFO  c.h.d.c.SpecializationController - All the specialization retrieve
2025-06-16 10:18:04 [main] INFO  o.s.b.d.r.RestartApplicationListener - Restart disabled due to context in which it is running
2025-06-16 10:18:05 [main] INFO  c.h.d.c.AppointmentControllerTest - Starting AppointmentControllerTest using Java 21.0.4 with PID 33476 (started by vaddivijaya.lakshmi in C:\Users\vaddivijaya.lakshmi\IdeaProjects\CapstoneProject\DoctorPatientService)
2025-06-16 10:18:05 [main] DEBUG c.h.d.c.AppointmentControllerTest - Running with Spring Boot v3.4.2, Spring v6.2.2
2025-06-16 10:18:05 [main] INFO  c.h.d.c.AppointmentControllerTest - No active profile set, falling back to 1 default profile: "default"
2025-06-16 10:18:10 [main] TRACE o.s.s.c.a.a.c.AuthenticationConfiguration$EnableGlobalAuthenticationAutowiredConfigurer - Eagerly initializing {org.springframework.boot.autoconfigure.security.servlet.SpringBootWebSecurityConfiguration$WebSecurityEnablerConfiguration=org.springframework.boot.autoconfigure.security.servlet.SpringBootWebSecurityConfiguration$WebSecurityEnablerConfiguration@7fff419d}
2025-06-16 10:18:10 [main] WARN  o.s.s.c.a.a.c.InitializeUserDetailsBeanManagerConfigurer$InitializeUserDetailsManagerConfigurer - Found 2 UserDetailsService beans, with names [inMemoryUserDetailsManager, com.hcltech.doctorpatient.service.JpaUserDetailsService#0]. Global Authentication Manager will not use a UserDetailsService for username/password login. Consider publishing a single UserDetailsService bean.
2025-06-16 10:18:10 [main] DEBUG o.s.s.c.a.a.c.AuthenticationConfiguration$DefaultPasswordEncoderAuthenticationManagerBuilder - No authenticationProviders and no parentAuthenticationManager defined. Returning null.
2025-06-16 10:18:10 [main] DEBUG o.s.s.web.DefaultSecurityFilterChain - Will secure any request with filters: DisableEncodeUrlFilter, WebAsyncManagerIntegrationFilter, SecurityContextHolderFilter, HeaderWriterFilter, LogoutFilter, RequestCacheAwareFilter, SecurityContextHolderAwareRequestFilter, AnonymousAuthenticationFilter, ExceptionTranslationFilter, AuthorizationFilter
2025-06-16 10:18:10 [main] WARN  o.s.b.a.s.s.UserDetailsServiceAutoConfiguration - 

Using generated security password: 31314e5d-8159-4ef9-9684-4b9db10996c9

This generated password is for development use only. Your security configuration must be updated before running your application in production.

2025-06-16 10:18:10 [main] INFO  o.s.b.t.m.w.SpringBootMockServletContext - Initializing Spring TestDispatcherServlet ''
2025-06-16 10:18:10 [main] INFO  o.s.t.w.s.TestDispatcherServlet - Initializing Servlet ''
2025-06-16 10:18:10 [main] INFO  o.s.t.w.s.TestDispatcherServlet - Completed initialization in 4 ms
2025-06-16 10:18:10 [main] INFO  c.h.d.c.AppointmentControllerTest - Started AppointmentControllerTest in 6.317 seconds (process running for 64.941)
2025-06-16 10:18:10 [main] TRACE o.s.s.w.c.HttpSessionSecurityContextRepository - No HttpSession currently exists
2025-06-16 10:18:10 [main] TRACE o.s.s.w.c.HttpSessionSecurityContextRepository - Created SecurityContextImpl [Null authentication]
2025-06-16 10:18:10 [main] TRACE o.s.s.w.c.SupplierDeferredSecurityContext - Created SecurityContextImpl [Null authentication]
2025-06-16 10:18:10 [main] DEBUG o.s.s.w.c.HttpSessionSecurityContextRepository - Created HttpSession as SecurityContext is non-default
2025-06-16 10:18:10 [main] DEBUG o.s.s.w.c.HttpSessionSecurityContextRepository - Stored SecurityContextImpl [Authentication=UsernamePasswordAuthenticationToken [Principal=org.springframework.security.core.userdetails.User [Username=doctoruser, Password=[PROTECTED], Enabled=true, AccountNonExpired=true, CredentialsNonExpired=true, AccountNonLocked=true, Granted Authorities=[ROLE_DOCTOR]], Credentials=[PROTECTED], Authenticated=true, Details=null, Granted Authorities=[ROLE_DOCTOR]]] to HttpSession [org.springframework.mock.web.MockHttpSession@1885905b]
2025-06-16 10:18:10 [main] INFO  c.h.d.c.AppointmentController - Fetching appointments for current doctor
2025-06-16 10:18:10 [main] DEBUG c.h.d.c.AppointmentController - Doctor's appointments fetched: 2
2025-06-16 10:18:11 [main] TRACE o.s.s.w.c.HttpSessionSecurityContextRepository - No HttpSession currently exists
2025-06-16 10:18:11 [main] TRACE o.s.s.w.c.HttpSessionSecurityContextRepository - Created SecurityContextImpl [Null authentication]
2025-06-16 10:18:11 [main] TRACE o.s.s.w.c.SupplierDeferredSecurityContext - Created SecurityContextImpl [Null authentication]
2025-06-16 10:18:11 [main] DEBUG o.s.s.w.c.HttpSessionSecurityContextRepository - Created HttpSession as SecurityContext is non-default
2025-06-16 10:18:11 [main] DEBUG o.s.s.w.c.HttpSessionSecurityContextRepository - Stored SecurityContextImpl [Authentication=UsernamePasswordAuthenticationToken [Principal=org.springframework.security.core.userdetails.User [Username=testuser, Password=[PROTECTED], Enabled=true, AccountNonExpired=true, CredentialsNonExpired=true, AccountNonLocked=true, Granted Authorities=[ROLE_ADMIN]], Credentials=[PROTECTED], Authenticated=true, Details=null, Granted Authorities=[ROLE_ADMIN]]] to HttpSession [org.springframework.mock.web.MockHttpSession@75d402d4]
2025-06-16 10:18:11 [main] INFO  c.h.d.c.AppointmentController - Fetching all appointments
2025-06-16 10:18:11 [main] DEBUG c.h.d.c.AppointmentController - Total appointments fetched: 2
2025-06-16 10:18:11 [main] TRACE o.s.s.w.c.HttpSessionSecurityContextRepository - No HttpSession currently exists
2025-06-16 10:18:11 [main] TRACE o.s.s.w.c.HttpSessionSecurityContextRepository - Created SecurityContextImpl [Null authentication]
2025-06-16 10:18:11 [main] TRACE o.s.s.w.c.SupplierDeferredSecurityContext - Created SecurityContextImpl [Null authentication]
2025-06-16 10:18:11 [main] DEBUG o.s.s.w.c.HttpSessionSecurityContextRepository - Created HttpSession as SecurityContext is non-default
2025-06-16 10:18:11 [main] DEBUG o.s.s.w.c.HttpSessionSecurityContextRepository - Stored SecurityContextImpl [Authentication=UsernamePasswordAuthenticationToken [Principal=org.springframework.security.core.userdetails.User [Username=doctoruser, Password=[PROTECTED], Enabled=true, AccountNonExpired=true, CredentialsNonExpired=true, AccountNonLocked=true, Granted Authorities=[ROLE_DOCTOR]], Credentials=[PROTECTED], Authenticated=true, Details=null, Granted Authorities=[ROLE_DOCTOR]]] to HttpSession [org.springframework.mock.web.MockHttpSession@64d42d3d]
2025-06-16 10:18:11 [main] INFO  c.h.d.c.AppointmentController - Marking appointment as completed for ID: fe9e6df6-5221-4775-95c6-6cd1c22e1aff
2025-06-16 10:18:11 [main] DEBUG c.h.d.c.AppointmentController - Appointment marked as completed: com.hcltech.doctorpatient.dto.appointmentdto.AppointmentResponseDto@33bf2602
2025-06-16 10:18:11 [main] TRACE o.s.s.w.c.HttpSessionSecurityContextRepository - No HttpSession currently exists
2025-06-16 10:18:11 [main] TRACE o.s.s.w.c.HttpSessionSecurityContextRepository - Created SecurityContextImpl [Null authentication]
2025-06-16 10:18:11 [main] TRACE o.s.s.w.c.SupplierDeferredSecurityContext - Created SecurityContextImpl [Null authentication]
2025-06-16 10:18:11 [main] DEBUG o.s.s.w.c.HttpSessionSecurityContextRepository - Created HttpSession as SecurityContext is non-default
2025-06-16 10:18:11 [main] DEBUG o.s.s.w.c.HttpSessionSecurityContextRepository - Stored SecurityContextImpl [Authentication=UsernamePasswordAuthenticationToken [Principal=org.springframework.security.core.userdetails.User [Username=testuser, Password=[PROTECTED], Enabled=true, AccountNonExpired=true, CredentialsNonExpired=true, AccountNonLocked=true, Granted Authorities=[ROLE_ADMIN]], Credentials=[PROTECTED], Authenticated=true, Details=null, Granted Authorities=[ROLE_ADMIN]]] to HttpSession [org.springframework.mock.web.MockHttpSession@50dd1e3a]
2025-06-16 10:18:11 [main] INFO  c.h.d.c.AppointmentController - Fetching appointment by ID: null
2025-06-16 10:18:11 [main] DEBUG c.h.d.c.AppointmentController - Appointment details: null
2025-06-16 10:18:11 [main] TRACE o.s.s.w.c.HttpSessionSecurityContextRepository - No HttpSession currently exists
2025-06-16 10:18:11 [main] TRACE o.s.s.w.c.HttpSessionSecurityContextRepository - Created SecurityContextImpl [Null authentication]
2025-06-16 10:18:11 [main] TRACE o.s.s.w.c.SupplierDeferredSecurityContext - Created SecurityContextImpl [Null authentication]
2025-06-16 10:18:11 [main] DEBUG o.s.s.w.c.HttpSessionSecurityContextRepository - Created HttpSession as SecurityContext is non-default
2025-06-16 10:18:11 [main] DEBUG o.s.s.w.c.HttpSessionSecurityContextRepository - Stored SecurityContextImpl [Authentication=UsernamePasswordAuthenticationToken [Principal=org.springframework.security.core.userdetails.User [Username=testuser, Password=[PROTECTED], Enabled=true, AccountNonExpired=true, CredentialsNonExpired=true, AccountNonLocked=true, Granted Authorities=[ROLE_ADMIN]], Credentials=[PROTECTED], Authenticated=true, Details=null, Granted Authorities=[ROLE_ADMIN]]] to HttpSession [org.springframework.mock.web.MockHttpSession@6a6a3fc4]
2025-06-16 10:18:12 [main] INFO  c.h.d.c.AppointmentController - Rescheduling appointment with ID: 4aad2fc4-8bbf-4938-acdb-7f0b05608471
2025-06-16 10:18:12 [main] DEBUG c.h.d.c.AppointmentController - Appointment rescheduled: com.hcltech.doctorpatient.dto.appointmentdto.AppointmentResponseDto@173b24c4
2025-06-16 10:18:12 [main] TRACE o.s.s.w.c.HttpSessionSecurityContextRepository - No HttpSession currently exists
2025-06-16 10:18:12 [main] TRACE o.s.s.w.c.HttpSessionSecurityContextRepository - Created SecurityContextImpl [Null authentication]
2025-06-16 10:18:12 [main] TRACE o.s.s.w.c.SupplierDeferredSecurityContext - Created SecurityContextImpl [Null authentication]
2025-06-16 10:18:12 [main] DEBUG o.s.s.w.c.HttpSessionSecurityContextRepository - Created HttpSession as SecurityContext is non-default
2025-06-16 10:18:12 [main] DEBUG o.s.s.w.c.HttpSessionSecurityContextRepository - Stored SecurityContextImpl [Authentication=UsernamePasswordAuthenticationToken [Principal=org.springframework.security.core.userdetails.User [Username=testuser, Password=[PROTECTED], Enabled=true, AccountNonExpired=true, CredentialsNonExpired=true, AccountNonLocked=true, Granted Authorities=[ROLE_ADMIN]], Credentials=[PROTECTED], Authenticated=true, Details=null, Granted Authorities=[ROLE_ADMIN]]] to HttpSession [org.springframework.mock.web.MockHttpSession@2afe825a]
2025-06-16 10:18:12 [main] INFO  c.h.d.c.AppointmentController - Cancelling appointment with ID: c34caf84-72d9-42d8-a982-eecacf0509ab
2025-06-16 10:18:12 [main] DEBUG c.h.d.c.AppointmentController - Appointment cancelled: com.hcltech.doctorpatient.dto.appointmentdto.AppointmentResponseDto@45482f82
2025-06-16 10:18:13 [main] INFO  o.s.b.d.r.RestartApplicationListener - Restart disabled due to context in which it is running
2025-06-16 10:18:13 [main] INFO  c.h.d.controller.UserControllerTest - Starting UserControllerTest using Java 21.0.4 with PID 33476 (started by vaddivijaya.lakshmi in C:\Users\vaddivijaya.lakshmi\IdeaProjects\CapstoneProject\DoctorPatientService)
2025-06-16 10:18:13 [main] DEBUG c.h.d.controller.UserControllerTest - Running with Spring Boot v3.4.2, Spring v6.2.2
2025-06-16 10:18:13 [main] INFO  c.h.d.controller.UserControllerTest - No active profile set, falling back to 1 default profile: "default"
2025-06-16 10:18:15 [main] TRACE o.s.s.c.a.a.c.AuthenticationConfiguration$EnableGlobalAuthenticationAutowiredConfigurer - Eagerly initializing {org.springframework.boot.autoconfigure.security.servlet.SpringBootWebSecurityConfiguration$WebSecurityEnablerConfiguration=org.springframework.boot.autoconfigure.security.servlet.SpringBootWebSecurityConfiguration$WebSecurityEnablerConfiguration@428e9be2}
2025-06-16 10:18:15 [main] WARN  o.s.s.c.a.a.c.InitializeUserDetailsBeanManagerConfigurer$InitializeUserDetailsManagerConfigurer - Found 2 UserDetailsService beans, with names [inMemoryUserDetailsManager, com.hcltech.doctorpatient.service.JpaUserDetailsService#0]. Global Authentication Manager will not use a UserDetailsService for username/password login. Consider publishing a single UserDetailsService bean.
2025-06-16 10:18:15 [main] DEBUG o.s.s.c.a.a.c.AuthenticationConfiguration$DefaultPasswordEncoderAuthenticationManagerBuilder - No authenticationProviders and no parentAuthenticationManager defined. Returning null.
2025-06-16 10:18:15 [main] DEBUG o.s.s.web.DefaultSecurityFilterChain - Will secure any request with filters: DisableEncodeUrlFilter, WebAsyncManagerIntegrationFilter, SecurityContextHolderFilter, HeaderWriterFilter, LogoutFilter, RequestCacheAwareFilter, SecurityContextHolderAwareRequestFilter, AnonymousAuthenticationFilter, ExceptionTranslationFilter, AuthorizationFilter
2025-06-16 10:18:16 [main] WARN  o.s.b.a.s.s.UserDetailsServiceAutoConfiguration - 

Using generated security password: c038ad9b-4906-4637-a2e1-6fb35be79bc0

This generated password is for development use only. Your security configuration must be updated before running your application in production.

2025-06-16 10:18:16 [main] INFO  o.s.b.t.m.w.SpringBootMockServletContext - Initializing Spring TestDispatcherServlet ''
2025-06-16 10:18:16 [main] INFO  o.s.t.w.s.TestDispatcherServlet - Initializing Servlet ''
2025-06-16 10:18:16 [main] INFO  o.s.t.w.s.TestDispatcherServlet - Completed initialization in 1 ms
2025-06-16 10:18:16 [main] INFO  c.h.d.controller.UserControllerTest - Started UserControllerTest in 2.303 seconds (process running for 70.196)
2025-06-16 10:18:16 [main] TRACE o.s.s.w.c.HttpSessionSecurityContextRepository - No HttpSession currently exists
2025-06-16 10:18:16 [main] TRACE o.s.s.w.c.HttpSessionSecurityContextRepository - Created SecurityContextImpl [Null authentication]
2025-06-16 10:18:16 [main] TRACE o.s.s.w.c.SupplierDeferredSecurityContext - Created SecurityContextImpl [Null authentication]
2025-06-16 10:18:16 [main] DEBUG o.s.s.w.c.HttpSessionSecurityContextRepository - Created HttpSession as SecurityContext is non-default
2025-06-16 10:18:16 [main] DEBUG o.s.s.w.c.HttpSessionSecurityContextRepository - Stored SecurityContextImpl [Authentication=UsernamePasswordAuthenticationToken [Principal=org.springframework.security.core.userdetails.User [Username=testuser, Password=[PROTECTED], Enabled=true, AccountNonExpired=true, CredentialsNonExpired=true, AccountNonLocked=true, Granted Authorities=[ROLE_ADMIN]], Credentials=[PROTECTED], Authenticated=true, Details=null, Granted Authorities=[ROLE_ADMIN]]] to HttpSession [org.springframework.mock.web.MockHttpSession@7be9e9fc]
2025-06-16 10:18:16 [main] INFO  c.h.d.controller.UserController - Fetching all users
2025-06-16 10:18:16 [main] INFO  c.h.d.controller.UserController - Total users fetched: 2
2025-06-16 10:18:16 [main] TRACE o.s.s.w.c.HttpSessionSecurityContextRepository - No HttpSession currently exists
2025-06-16 10:18:16 [main] TRACE o.s.s.w.c.HttpSessionSecurityContextRepository - Created SecurityContextImpl [Null authentication]
2025-06-16 10:18:16 [main] TRACE o.s.s.w.c.SupplierDeferredSecurityContext - Created SecurityContextImpl [Null authentication]
2025-06-16 10:18:16 [main] DEBUG o.s.s.w.c.HttpSessionSecurityContextRepository - Created HttpSession as SecurityContext is non-default
2025-06-16 10:18:16 [main] DEBUG o.s.s.w.c.HttpSessionSecurityContextRepository - Stored SecurityContextImpl [Authentication=UsernamePasswordAuthenticationToken [Principal=org.springframework.security.core.userdetails.User [Username=testuser, Password=[PROTECTED], Enabled=true, AccountNonExpired=true, CredentialsNonExpired=true, AccountNonLocked=true, Granted Authorities=[ROLE_ADMIN]], Credentials=[PROTECTED], Authenticated=true, Details=null, Granted Authorities=[ROLE_ADMIN]]] to HttpSession [org.springframework.mock.web.MockHttpSession@3453f79c]
2025-06-16 10:18:16 [main] INFO  c.h.d.controller.UserController - Updating user with ID: 55c1e1f7-7a9e-4eaf-8747-ece2957d2719
2025-06-16 10:18:16 [main] INFO  c.h.d.controller.UserController - User updated successfully: com.hcltech.doctorpatient.dto.UserDTO@49c72fb7
2025-06-16 10:18:16 [main] TRACE o.s.s.w.c.HttpSessionSecurityContextRepository - No HttpSession currently exists
2025-06-16 10:18:16 [main] TRACE o.s.s.w.c.HttpSessionSecurityContextRepository - Created SecurityContextImpl [Null authentication]
2025-06-16 10:18:16 [main] TRACE o.s.s.w.c.SupplierDeferredSecurityContext - Created SecurityContextImpl [Null authentication]
2025-06-16 10:18:16 [main] DEBUG o.s.s.w.c.HttpSessionSecurityContextRepository - Created HttpSession as SecurityContext is non-default
2025-06-16 10:18:16 [main] DEBUG o.s.s.w.c.HttpSessionSecurityContextRepository - Stored SecurityContextImpl [Authentication=UsernamePasswordAuthenticationToken [Principal=org.springframework.security.core.userdetails.User [Username=testuser, Password=[PROTECTED], Enabled=true, AccountNonExpired=true, CredentialsNonExpired=true, AccountNonLocked=true, Granted Authorities=[ROLE_ADMIN]], Credentials=[PROTECTED], Authenticated=true, Details=null, Granted Authorities=[ROLE_ADMIN]]] to HttpSession [org.springframework.mock.web.MockHttpSession@2f83467]
2025-06-16 10:18:16 [main] INFO  c.h.d.controller.UserController - Registering new user: 9876543210
2025-06-16 10:18:16 [main] INFO  c.h.d.controller.UserController - User registered successfully with ID: cfdfb75e-43b4-4345-8a87-522659f66b21
2025-06-16 10:18:16 [main] TRACE o.s.s.w.c.HttpSessionSecurityContextRepository - No HttpSession currently exists
2025-06-16 10:18:16 [main] TRACE o.s.s.w.c.HttpSessionSecurityContextRepository - Created SecurityContextImpl [Null authentication]
2025-06-16 10:18:16 [main] TRACE o.s.s.w.c.SupplierDeferredSecurityContext - Created SecurityContextImpl [Null authentication]
2025-06-16 10:18:16 [main] DEBUG o.s.s.w.c.HttpSessionSecurityContextRepository - Created HttpSession as SecurityContext is non-default
2025-06-16 10:18:16 [main] DEBUG o.s.s.w.c.HttpSessionSecurityContextRepository - Stored SecurityContextImpl [Authentication=UsernamePasswordAuthenticationToken [Principal=org.springframework.security.core.userdetails.User [Username=testuser, Password=[PROTECTED], Enabled=true, AccountNonExpired=true, CredentialsNonExpired=true, AccountNonLocked=true, Granted Authorities=[ROLE_ADMIN]], Credentials=[PROTECTED], Authenticated=true, Details=null, Granted Authorities=[ROLE_ADMIN]]] to HttpSession [org.springframework.mock.web.MockHttpSession@e5d9fa7]
2025-06-16 10:18:16 [main] INFO  c.h.d.controller.UserController - Deleting user with ID: e780f84b-b08b-46bf-9164-abeab793daff
2025-06-16 10:18:16 [main] INFO  c.h.d.controller.UserController - User deleted successfully with ID: e780f84b-b08b-46bf-9164-abeab793daff
2025-06-16 10:18:16 [main] TRACE o.s.s.w.c.HttpSessionSecurityContextRepository - No HttpSession currently exists
2025-06-16 10:18:16 [main] TRACE o.s.s.w.c.HttpSessionSecurityContextRepository - Created SecurityContextImpl [Null authentication]
2025-06-16 10:18:16 [main] TRACE o.s.s.w.c.SupplierDeferredSecurityContext - Created SecurityContextImpl [Null authentication]
2025-06-16 10:18:16 [main] DEBUG o.s.s.w.c.HttpSessionSecurityContextRepository - Created HttpSession as SecurityContext is non-default
2025-06-16 10:18:16 [main] DEBUG o.s.s.w.c.HttpSessionSecurityContextRepository - Stored SecurityContextImpl [Authentication=UsernamePasswordAuthenticationToken [Principal=org.springframework.security.core.userdetails.User [Username=testuser, Password=[PROTECTED], Enabled=true, AccountNonExpired=true, CredentialsNonExpired=true, AccountNonLocked=true, Granted Authorities=[ROLE_ADMIN]], Credentials=[PROTECTED], Authenticated=true, Details=null, Granted Authorities=[ROLE_ADMIN]]] to HttpSession [org.springframework.mock.web.MockHttpSession@7ffb0bb4]
2025-06-16 10:18:16 [main] INFO  c.h.d.controller.UserController - Fetching user with ID: 33039676-d0bb-478a-8fc8-af4ba9fd0fc0
2025-06-16 10:18:16 [main] INFO  c.h.d.controller.UserController - User fetched: com.hcltech.doctorpatient.dto.UserDTO@280f061e
2025-06-16 10:18:18 [main] INFO  o.s.b.d.r.RestartApplicationListener - Restart disabled due to context in which it is running
2025-06-16 10:18:19 [main] INFO  c.h.d.c.DoctorControllerTest - Starting DoctorControllerTest using Java 21.0.4 with PID 33476 (started by vaddivijaya.lakshmi in C:\Users\vaddivijaya.lakshmi\IdeaProjects\CapstoneProject\DoctorPatientService)
2025-06-16 10:18:19 [main] DEBUG c.h.d.c.DoctorControllerTest - Running with Spring Boot v3.4.2, Spring v6.2.2
2025-06-16 10:18:19 [main] INFO  c.h.d.c.DoctorControllerTest - No active profile set, falling back to 1 default profile: "default"
2025-06-16 10:18:20 [main] TRACE o.s.s.c.a.a.c.AuthenticationConfiguration$EnableGlobalAuthenticationAutowiredConfigurer - Eagerly initializing {org.springframework.boot.autoconfigure.security.servlet.SpringBootWebSecurityConfiguration$WebSecurityEnablerConfiguration=org.springframework.boot.autoconfigure.security.servlet.SpringBootWebSecurityConfiguration$WebSecurityEnablerConfiguration@17e2ad13}
2025-06-16 10:18:20 [main] WARN  o.s.s.c.a.a.c.InitializeUserDetailsBeanManagerConfigurer$InitializeUserDetailsManagerConfigurer - Found 2 UserDetailsService beans, with names [inMemoryUserDetailsManager, com.hcltech.doctorpatient.service.JpaUserDetailsService#0]. Global Authentication Manager will not use a UserDetailsService for username/password login. Consider publishing a single UserDetailsService bean.
2025-06-16 10:18:20 [main] DEBUG o.s.s.c.a.a.c.AuthenticationConfiguration$DefaultPasswordEncoderAuthenticationManagerBuilder - No authenticationProviders and no parentAuthenticationManager defined. Returning null.
2025-06-16 10:18:20 [main] DEBUG o.s.s.web.DefaultSecurityFilterChain - Will secure any request with filters: DisableEncodeUrlFilter, WebAsyncManagerIntegrationFilter, SecurityContextHolderFilter, HeaderWriterFilter, LogoutFilter, RequestCacheAwareFilter, SecurityContextHolderAwareRequestFilter, AnonymousAuthenticationFilter, ExceptionTranslationFilter, AuthorizationFilter
2025-06-16 10:18:21 [main] WARN  o.s.b.a.s.s.UserDetailsServiceAutoConfiguration - 

Using generated security password: 08a79dc8-b6a3-4313-87d4-86746d8e2a90

This generated password is for development use only. Your security configuration must be updated before running your application in production.

2025-06-16 10:18:21 [main] INFO  o.s.b.t.m.w.SpringBootMockServletContext - Initializing Spring TestDispatcherServlet ''
2025-06-16 10:18:21 [main] INFO  o.s.t.w.s.TestDispatcherServlet - Initializing Servlet ''
2025-06-16 10:18:21 [main] INFO  o.s.t.w.s.TestDispatcherServlet - Completed initialization in 8 ms
2025-06-16 10:18:21 [main] INFO  c.h.d.c.DoctorControllerTest - Started DoctorControllerTest in 2.472 seconds (process running for 75.419)
2025-06-16 10:18:21 [main] TRACE o.s.s.w.c.HttpSessionSecurityContextRepository - No HttpSession currently exists
2025-06-16 10:18:21 [main] TRACE o.s.s.w.c.HttpSessionSecurityContextRepository - Created SecurityContextImpl [Null authentication]
2025-06-16 10:18:21 [main] TRACE o.s.s.w.c.SupplierDeferredSecurityContext - Created SecurityContextImpl [Null authentication]
2025-06-16 10:18:21 [main] DEBUG o.s.s.w.c.HttpSessionSecurityContextRepository - Created HttpSession as SecurityContext is non-default
2025-06-16 10:18:21 [main] DEBUG o.s.s.w.c.HttpSessionSecurityContextRepository - Stored SecurityContextImpl [Authentication=UsernamePasswordAuthenticationToken [Principal=org.springframework.security.core.userdetails.User [Username=testuser, Password=[PROTECTED], Enabled=true, AccountNonExpired=true, CredentialsNonExpired=true, AccountNonLocked=true, Granted Authorities=[ROLE_ADMIN]], Credentials=[PROTECTED], Authenticated=true, Details=null, Granted Authorities=[ROLE_ADMIN]]] to HttpSession [org.springframework.mock.web.MockHttpSession@361b2995]
2025-06-16 10:18:21 [main] INFO  c.h.d.controller.DoctorController - Updating doctor with ID: eef3a408-0b50-411b-846b-428d44b9c1bc
2025-06-16 10:18:21 [main] DEBUG c.h.d.controller.DoctorController - Doctor updated successfully: DoctorResponseDto(doctorId=eef3a408-0b50-411b-846b-428d44b9c1bc, name=Dr. Updated, mobileNumber=9999999999, experience=20 years, specialist=Orthopedic)
2025-06-16 10:18:21 [main] TRACE o.s.s.w.c.HttpSessionSecurityContextRepository - No HttpSession currently exists
2025-06-16 10:18:21 [main] TRACE o.s.s.w.c.HttpSessionSecurityContextRepository - Created SecurityContextImpl [Null authentication]
2025-06-16 10:18:21 [main] TRACE o.s.s.w.c.SupplierDeferredSecurityContext - Created SecurityContextImpl [Null authentication]
2025-06-16 10:18:21 [main] DEBUG o.s.s.w.c.HttpSessionSecurityContextRepository - Created HttpSession as SecurityContext is non-default
2025-06-16 10:18:21 [main] DEBUG o.s.s.w.c.HttpSessionSecurityContextRepository - Stored SecurityContextImpl [Authentication=UsernamePasswordAuthenticationToken [Principal=org.springframework.security.core.userdetails.User [Username=testuser, Password=[PROTECTED], Enabled=true, AccountNonExpired=true, CredentialsNonExpired=true, AccountNonLocked=true, Granted Authorities=[ROLE_ADMIN]], Credentials=[PROTECTED], Authenticated=true, Details=null, Granted Authorities=[ROLE_ADMIN]]] to HttpSession [org.springframework.mock.web.MockHttpSession@467625e3]
2025-06-16 10:18:21 [main] INFO  c.h.d.controller.DoctorController - Deleting doctor with ID: 6aa50e78-cde1-42d5-b69b-d0eead9143cc
2025-06-16 10:18:21 [main] DEBUG c.h.d.controller.DoctorController - Doctor deleted successfully: 6aa50e78-cde1-42d5-b69b-d0eead9143cc
2025-06-16 10:18:21 [main] TRACE o.s.s.w.c.HttpSessionSecurityContextRepository - No HttpSession currently exists
2025-06-16 10:18:21 [main] TRACE o.s.s.w.c.HttpSessionSecurityContextRepository - Created SecurityContextImpl [Null authentication]
2025-06-16 10:18:21 [main] TRACE o.s.s.w.c.SupplierDeferredSecurityContext - Created SecurityContextImpl [Null authentication]
2025-06-16 10:18:21 [main] DEBUG o.s.s.w.c.HttpSessionSecurityContextRepository - Created HttpSession as SecurityContext is non-default
2025-06-16 10:18:21 [main] DEBUG o.s.s.w.c.HttpSessionSecurityContextRepository - Stored SecurityContextImpl [Authentication=UsernamePasswordAuthenticationToken [Principal=org.springframework.security.core.userdetails.User [Username=testuser, Password=[PROTECTED], Enabled=true, AccountNonExpired=true, CredentialsNonExpired=true, AccountNonLocked=true, Granted Authorities=[ROLE_ADMIN]], Credentials=[PROTECTED], Authenticated=true, Details=null, Granted Authorities=[ROLE_ADMIN]]] to HttpSession [org.springframework.mock.web.MockHttpSession@403ba39f]
2025-06-16 10:18:21 [main] INFO  c.h.d.controller.DoctorController - Fetching doctor by ID: ee0bc9d0-1663-4da2-860a-c3310e9a4c5a
2025-06-16 10:18:21 [main] DEBUG c.h.d.controller.DoctorController - Doctor details retrieved: DoctorResponseDto(doctorId=ee0bc9d0-1663-4da2-860a-c3310e9a4c5a, name=Dr. Clara, mobileNumber=9988776655, experience=15 years, specialist=Oncologist)
2025-06-16 10:18:21 [main] TRACE o.s.s.w.c.HttpSessionSecurityContextRepository - No HttpSession currently exists
2025-06-16 10:18:21 [main] TRACE o.s.s.w.c.HttpSessionSecurityContextRepository - Created SecurityContextImpl [Null authentication]
2025-06-16 10:18:21 [main] TRACE o.s.s.w.c.SupplierDeferredSecurityContext - Created SecurityContextImpl [Null authentication]
2025-06-16 10:18:21 [main] DEBUG o.s.s.w.c.HttpSessionSecurityContextRepository - Created HttpSession as SecurityContext is non-default
2025-06-16 10:18:21 [main] DEBUG o.s.s.w.c.HttpSessionSecurityContextRepository - Stored SecurityContextImpl [Authentication=UsernamePasswordAuthenticationToken [Principal=org.springframework.security.core.userdetails.User [Username=testuser, Password=[PROTECTED], Enabled=true, AccountNonExpired=true, CredentialsNonExpired=true, AccountNonLocked=true, Granted Authorities=[ROLE_ADMIN]], Credentials=[PROTECTED], Authenticated=true, Details=null, Granted Authorities=[ROLE_ADMIN]]] to HttpSession [org.springframework.mock.web.MockHttpSession@781ecbac]
2025-06-16 10:18:21 [main] INFO  c.h.d.controller.DoctorController - Fetching all doctors
2025-06-16 10:18:21 [main] DEBUG c.h.d.controller.DoctorController - Total doctors fetched: 2
2025-06-16 10:18:21 [main] TRACE o.s.s.w.c.HttpSessionSecurityContextRepository - No HttpSession currently exists
2025-06-16 10:18:21 [main] TRACE o.s.s.w.c.HttpSessionSecurityContextRepository - Created SecurityContextImpl [Null authentication]
2025-06-16 10:18:21 [main] TRACE o.s.s.w.c.SupplierDeferredSecurityContext - Created SecurityContextImpl [Null authentication]
2025-06-16 10:18:21 [main] DEBUG o.s.s.w.c.HttpSessionSecurityContextRepository - Created HttpSession as SecurityContext is non-default
2025-06-16 10:18:21 [main] DEBUG o.s.s.w.c.HttpSessionSecurityContextRepository - Stored SecurityContextImpl [Authentication=UsernamePasswordAuthenticationToken [Principal=org.springframework.security.core.userdetails.User [Username=testuser, Password=[PROTECTED], Enabled=true, AccountNonExpired=true, CredentialsNonExpired=true, AccountNonLocked=true, Granted Authorities=[ROLE_ADMIN]], Credentials=[PROTECTED], Authenticated=true, Details=null, Granted Authorities=[ROLE_ADMIN]]] to HttpSession [org.springframework.mock.web.MockHttpSession@11ce61d1]
2025-06-16 10:18:21 [main] INFO  c.h.d.controller.DoctorController - Creating doctor profile for userId: 52ba4581-1038-4dcd-b282-1c85e8f49541
2025-06-16 10:18:21 [main] DEBUG c.h.d.controller.DoctorController - Doctor created with ID: 52ba4581-1038-4dcd-b282-1c85e8f49541
2025-06-16 10:18:23 [main] ERROR c.h.d.service.PatientService - User Not found with Id  :{0}
2025-06-16 10:18:23 [main] INFO  o.s.b.d.r.RestartApplicationListener - Restart disabled due to context in which it is running
2025-06-16 10:18:23 [main] INFO  c.h.d.c.DiseaseControllerTest - Starting DiseaseControllerTest using Java 21.0.4 with PID 33476 (started by vaddivijaya.lakshmi in C:\Users\vaddivijaya.lakshmi\IdeaProjects\CapstoneProject\DoctorPatientService)
2025-06-16 10:18:23 [main] DEBUG c.h.d.c.DiseaseControllerTest - Running with Spring Boot v3.4.2, Spring v6.2.2
2025-06-16 10:18:23 [main] INFO  c.h.d.c.DiseaseControllerTest - No active profile set, falling back to 1 default profile: "default"
2025-06-16 10:18:25 [main] TRACE o.s.s.c.a.a.c.AuthenticationConfiguration$EnableGlobalAuthenticationAutowiredConfigurer - Eagerly initializing {org.springframework.boot.autoconfigure.security.servlet.SpringBootWebSecurityConfiguration$WebSecurityEnablerConfiguration=org.springframework.boot.autoconfigure.security.servlet.SpringBootWebSecurityConfiguration$WebSecurityEnablerConfiguration@66fd9613}
2025-06-16 10:18:25 [main] WARN  o.s.s.c.a.a.c.InitializeUserDetailsBeanManagerConfigurer$InitializeUserDetailsManagerConfigurer - Found 2 UserDetailsService beans, with names [inMemoryUserDetailsManager, com.hcltech.doctorpatient.service.JpaUserDetailsService#0]. Global Authentication Manager will not use a UserDetailsService for username/password login. Consider publishing a single UserDetailsService bean.
2025-06-16 10:18:25 [main] DEBUG o.s.s.c.a.a.c.AuthenticationConfiguration$DefaultPasswordEncoderAuthenticationManagerBuilder - No authenticationProviders and no parentAuthenticationManager defined. Returning null.
2025-06-16 10:18:25 [main] DEBUG o.s.s.web.DefaultSecurityFilterChain - Will secure any request with filters: DisableEncodeUrlFilter, WebAsyncManagerIntegrationFilter, SecurityContextHolderFilter, HeaderWriterFilter, LogoutFilter, RequestCacheAwareFilter, SecurityContextHolderAwareRequestFilter, AnonymousAuthenticationFilter, ExceptionTranslationFilter, AuthorizationFilter
2025-06-16 10:18:26 [main] WARN  o.s.b.a.s.s.UserDetailsServiceAutoConfiguration - 

Using generated security password: 99b73a16-7eb5-4bf7-a798-81c2142c62ca

This generated password is for development use only. Your security configuration must be updated before running your application in production.

2025-06-16 10:18:26 [main] INFO  o.s.b.t.m.w.SpringBootMockServletContext - Initializing Spring TestDispatcherServlet ''
2025-06-16 10:18:26 [main] INFO  o.s.t.w.s.TestDispatcherServlet - Initializing Servlet ''
2025-06-16 10:18:26 [main] INFO  o.s.t.w.s.TestDispatcherServlet - Completed initialization in 2 ms
2025-06-16 10:18:26 [main] INFO  c.h.d.c.DiseaseControllerTest - Started DiseaseControllerTest in 2.522 seconds (process running for 80.18)
2025-06-16 10:18:26 [main] TRACE o.s.s.w.c.HttpSessionSecurityContextRepository - No HttpSession currently exists
2025-06-16 10:18:26 [main] TRACE o.s.s.w.c.HttpSessionSecurityContextRepository - Created SecurityContextImpl [Null authentication]
2025-06-16 10:18:26 [main] TRACE o.s.s.w.c.SupplierDeferredSecurityContext - Created SecurityContextImpl [Null authentication]
2025-06-16 10:18:26 [main] DEBUG o.s.s.w.c.HttpSessionSecurityContextRepository - Created HttpSession as SecurityContext is non-default
2025-06-16 10:18:26 [main] DEBUG o.s.s.w.c.HttpSessionSecurityContextRepository - Stored SecurityContextImpl [Authentication=UsernamePasswordAuthenticationToken [Principal=org.springframework.security.core.userdetails.User [Username=testuser, Password=[PROTECTED], Enabled=true, AccountNonExpired=true, CredentialsNonExpired=true, AccountNonLocked=true, Granted Authorities=[ROLE_ADMIN]], Credentials=[PROTECTED], Authenticated=true, Details=null, Granted Authorities=[ROLE_ADMIN]]] to HttpSession [org.springframework.mock.web.MockHttpSession@2aabd5a0]
2025-06-16 10:18:26 [main] INFO  c.h.d.controller.DiseaseController - Fetching all diseases
2025-06-16 10:18:26 [main] DEBUG c.h.d.controller.DiseaseController - Total diseases fetched: 2
2025-06-16 10:18:26 [main] TRACE o.s.s.w.c.HttpSessionSecurityContextRepository - No HttpSession currently exists
2025-06-16 10:18:26 [main] TRACE o.s.s.w.c.HttpSessionSecurityContextRepository - Created SecurityContextImpl [Null authentication]
2025-06-16 10:18:26 [main] TRACE o.s.s.w.c.SupplierDeferredSecurityContext - Created SecurityContextImpl [Null authentication]
2025-06-16 10:18:26 [main] DEBUG o.s.s.w.c.HttpSessionSecurityContextRepository - Created HttpSession as SecurityContext is non-default
2025-06-16 10:18:26 [main] DEBUG o.s.s.w.c.HttpSessionSecurityContextRepository - Stored SecurityContextImpl [Authentication=UsernamePasswordAuthenticationToken [Principal=org.springframework.security.core.userdetails.User [Username=testuser, Password=[PROTECTED], Enabled=true, AccountNonExpired=true, CredentialsNonExpired=true, AccountNonLocked=true, Granted Authorities=[ROLE_ADMIN]], Credentials=[PROTECTED], Authenticated=true, Details=null, Granted Authorities=[ROLE_ADMIN]]] to HttpSession [org.springframework.mock.web.MockHttpSession@2a7ed9bd]
2025-06-16 10:18:26 [main] INFO  c.h.d.controller.DiseaseController - Deleting disease with ID: 579a8fac-b746-47fd-ba89-cce795282e01
2025-06-16 10:18:26 [main] DEBUG c.h.d.controller.DiseaseController - Disease deleted successfully for ID: 579a8fac-b746-47fd-ba89-cce795282e01
2025-06-16 10:18:26 [main] TRACE o.s.s.w.c.HttpSessionSecurityContextRepository - No HttpSession currently exists
2025-06-16 10:18:26 [main] TRACE o.s.s.w.c.HttpSessionSecurityContextRepository - Created SecurityContextImpl [Null authentication]
2025-06-16 10:18:26 [main] TRACE o.s.s.w.c.SupplierDeferredSecurityContext - Created SecurityContextImpl [Null authentication]
2025-06-16 10:18:26 [main] DEBUG o.s.s.w.c.HttpSessionSecurityContextRepository - Created HttpSession as SecurityContext is non-default
2025-06-16 10:18:26 [main] DEBUG o.s.s.w.c.HttpSessionSecurityContextRepository - Stored SecurityContextImpl [Authentication=UsernamePasswordAuthenticationToken [Principal=org.springframework.security.core.userdetails.User [Username=testuser, Password=[PROTECTED], Enabled=true, AccountNonExpired=true, CredentialsNonExpired=true, AccountNonLocked=true, Granted Authorities=[ROLE_ADMIN]], Credentials=[PROTECTED], Authenticated=true, Details=null, Granted Authorities=[ROLE_ADMIN]]] to HttpSession [org.springframework.mock.web.MockHttpSession@5c44bce3]
2025-06-16 10:18:26 [main] INFO  c.h.d.controller.DiseaseController - Fetching disease by ID: be8c3c41-68f6-491c-b0d3-102977d71156
2025-06-16 10:18:26 [main] DEBUG c.h.d.controller.DiseaseController - Disease details retrieved: DiseaseDTO(diseaseId=be8c3c41-68f6-491c-b0d3-102977d71156, diseaseName=Flu, specializatonName=Cardiology)
2025-06-16 10:18:26 [main] TRACE o.s.s.w.c.HttpSessionSecurityContextRepository - No HttpSession currently exists
2025-06-16 10:18:26 [main] TRACE o.s.s.w.c.HttpSessionSecurityContextRepository - Created SecurityContextImpl [Null authentication]
2025-06-16 10:18:26 [main] TRACE o.s.s.w.c.SupplierDeferredSecurityContext - Created SecurityContextImpl [Null authentication]
2025-06-16 10:18:26 [main] DEBUG o.s.s.w.c.HttpSessionSecurityContextRepository - Created HttpSession as SecurityContext is non-default
2025-06-16 10:18:26 [main] DEBUG o.s.s.w.c.HttpSessionSecurityContextRepository - Stored SecurityContextImpl [Authentication=UsernamePasswordAuthenticationToken [Principal=org.springframework.security.core.userdetails.User [Username=testuser, Password=[PROTECTED], Enabled=true, AccountNonExpired=true, CredentialsNonExpired=true, AccountNonLocked=true, Granted Authorities=[ROLE_ADMIN]], Credentials=[PROTECTED], Authenticated=true, Details=null, Granted Authorities=[ROLE_ADMIN]]] to HttpSession [org.springframework.mock.web.MockHttpSession@7d911f95]
2025-06-16 10:18:26 [main] INFO  c.h.d.controller.DiseaseController - Creating new disease entry: Flu
2025-06-16 10:18:26 [main] DEBUG c.h.d.controller.DiseaseController - Disease created successfully: DiseaseDTO(diseaseId=7463b1db-ea47-47d0-b651-57b42e9de700, diseaseName=Flu, specializatonName=Cardiology)
2025-06-16 10:18:26 [main] INFO  o.s.b.d.r.RestartApplicationListener - Restart disabled due to context in which it is running
2025-06-16 10:18:27 [main] INFO  c.h.d.c.PatientControllerTest - Starting PatientControllerTest using Java 21.0.4 with PID 33476 (started by vaddivijaya.lakshmi in C:\Users\vaddivijaya.lakshmi\IdeaProjects\CapstoneProject\DoctorPatientService)
2025-06-16 10:18:27 [main] DEBUG c.h.d.c.PatientControllerTest - Running with Spring Boot v3.4.2, Spring v6.2.2
2025-06-16 10:18:27 [main] INFO  c.h.d.c.PatientControllerTest - No active profile set, falling back to 1 default profile: "default"
2025-06-16 10:18:27 [main] TRACE o.s.s.c.a.a.c.AuthenticationConfiguration$EnableGlobalAuthenticationAutowiredConfigurer - Eagerly initializing {org.springframework.boot.autoconfigure.security.servlet.SpringBootWebSecurityConfiguration$WebSecurityEnablerConfiguration=org.springframework.boot.autoconfigure.security.servlet.SpringBootWebSecurityConfiguration$WebSecurityEnablerConfiguration@3b256d50}
2025-06-16 10:18:27 [main] WARN  o.s.s.c.a.a.c.InitializeUserDetailsBeanManagerConfigurer$InitializeUserDetailsManagerConfigurer - Found 2 UserDetailsService beans, with names [inMemoryUserDetailsManager, com.hcltech.doctorpatient.service.JpaUserDetailsService#0]. Global Authentication Manager will not use a UserDetailsService for username/password login. Consider publishing a single UserDetailsService bean.
2025-06-16 10:18:27 [main] DEBUG o.s.s.c.a.a.c.AuthenticationConfiguration$DefaultPasswordEncoderAuthenticationManagerBuilder - No authenticationProviders and no parentAuthenticationManager defined. Returning null.
2025-06-16 10:18:27 [main] DEBUG o.s.s.web.DefaultSecurityFilterChain - Will secure any request with filters: DisableEncodeUrlFilter, WebAsyncManagerIntegrationFilter, SecurityContextHolderFilter, HeaderWriterFilter, LogoutFilter, RequestCacheAwareFilter, SecurityContextHolderAwareRequestFilter, AnonymousAuthenticationFilter, ExceptionTranslationFilter, AuthorizationFilter
2025-06-16 10:18:28 [main] WARN  o.s.b.a.s.s.UserDetailsServiceAutoConfiguration - 

Using generated security password: b05a15e8-fc16-4a03-9410-82bcd0b92b4c

This generated password is for development use only. Your security configuration must be updated before running your application in production.

2025-06-16 10:18:28 [main] INFO  o.s.b.t.m.w.SpringBootMockServletContext - Initializing Spring TestDispatcherServlet ''
2025-06-16 10:18:28 [main] INFO  o.s.t.w.s.TestDispatcherServlet - Initializing Servlet ''
2025-06-16 10:18:28 [main] INFO  o.s.t.w.s.TestDispatcherServlet - Completed initialization in 1 ms
2025-06-16 10:18:28 [main] INFO  c.h.d.c.PatientControllerTest - Started PatientControllerTest in 1.258 seconds (process running for 82.133)
2025-06-16 10:18:28 [main] TRACE o.s.s.w.c.HttpSessionSecurityContextRepository - No HttpSession currently exists
2025-06-16 10:18:28 [main] TRACE o.s.s.w.c.HttpSessionSecurityContextRepository - Created SecurityContextImpl [Null authentication]
2025-06-16 10:18:28 [main] TRACE o.s.s.w.c.SupplierDeferredSecurityContext - Created SecurityContextImpl [Null authentication]
2025-06-16 10:18:28 [main] DEBUG o.s.s.w.c.HttpSessionSecurityContextRepository - Created HttpSession as SecurityContext is non-default
2025-06-16 10:18:28 [main] DEBUG o.s.s.w.c.HttpSessionSecurityContextRepository - Stored SecurityContextImpl [Authentication=UsernamePasswordAuthenticationToken [Principal=org.springframework.security.core.userdetails.User [Username=testuser, Password=[PROTECTED], Enabled=true, AccountNonExpired=true, CredentialsNonExpired=true, AccountNonLocked=true, Granted Authorities=[ROLE_ADMIN]], Credentials=[PROTECTED], Authenticated=true, Details=null, Granted Authorities=[ROLE_ADMIN]]] to HttpSession [org.springframework.mock.web.MockHttpSession@4bd1541f]
2025-06-16 10:18:28 [main] INFO  c.h.d.controller.PatientController - Fetching patient with ID: 57edf4f6-b803-4e02-849e-8da6cb877186
2025-06-16 10:18:28 [main] INFO  c.h.d.controller.PatientController - Patient fetched: PatientResponseDto(id=null, name=null, mobileNumber=null, age=28, bloodGroup=AB+, gender=Male)
2025-06-16 10:18:28 [main] TRACE o.s.s.w.c.HttpSessionSecurityContextRepository - No HttpSession currently exists
2025-06-16 10:18:28 [main] TRACE o.s.s.w.c.HttpSessionSecurityContextRepository - Created SecurityContextImpl [Null authentication]
2025-06-16 10:18:28 [main] TRACE o.s.s.w.c.SupplierDeferredSecurityContext - Created SecurityContextImpl [Null authentication]
2025-06-16 10:18:28 [main] DEBUG o.s.s.w.c.HttpSessionSecurityContextRepository - Created HttpSession as SecurityContext is non-default
2025-06-16 10:18:28 [main] DEBUG o.s.s.w.c.HttpSessionSecurityContextRepository - Stored SecurityContextImpl [Authentication=UsernamePasswordAuthenticationToken [Principal=org.springframework.security.core.userdetails.User [Username=admin, Password=[PROTECTED], Enabled=true, AccountNonExpired=true, CredentialsNonExpired=true, AccountNonLocked=true, Granted Authorities=[ROLE_ADMIN]], Credentials=[PROTECTED], Authenticated=true, Details=null, Granted Authorities=[ROLE_ADMIN]]] to HttpSession [org.springframework.mock.web.MockHttpSession@71bb6009]
2025-06-16 10:18:28 [main] INFO  c.h.d.controller.PatientController - Creating patient with reference ID: a03727b6-7139-4da4-b9c1-343429a3bc05
2025-06-16 10:18:28 [main] INFO  c.h.d.controller.PatientController - Patient created with ID: null
2025-06-16 10:18:28 [main] TRACE o.s.s.w.c.HttpSessionSecurityContextRepository - No HttpSession currently exists
2025-06-16 10:18:28 [main] TRACE o.s.s.w.c.HttpSessionSecurityContextRepository - Created SecurityContextImpl [Null authentication]
2025-06-16 10:18:28 [main] TRACE o.s.s.w.c.SupplierDeferredSecurityContext - Created SecurityContextImpl [Null authentication]
2025-06-16 10:18:28 [main] DEBUG o.s.s.w.c.HttpSessionSecurityContextRepository - Created HttpSession as SecurityContext is non-default
2025-06-16 10:18:28 [main] DEBUG o.s.s.w.c.HttpSessionSecurityContextRepository - Stored SecurityContextImpl [Authentication=UsernamePasswordAuthenticationToken [Principal=org.springframework.security.core.userdetails.User [Username=testuser, Password=[PROTECTED], Enabled=true, AccountNonExpired=true, CredentialsNonExpired=true, AccountNonLocked=true, Granted Authorities=[ROLE_ADMIN]], Credentials=[PROTECTED], Authenticated=true, Details=null, Granted Authorities=[ROLE_ADMIN]]] to HttpSession [org.springframework.mock.web.MockHttpSession@40941b54]
2025-06-16 10:18:28 [main] INFO  c.h.d.controller.PatientController - Fetching all patients
2025-06-16 10:18:28 [main] INFO  c.h.d.controller.PatientController - Total patients fetched: 2
2025-06-16 10:18:28 [main] INFO  c.h.d.controller.PatientController - Updating patient with ID: c61dee9d-bb4f-436c-99ea-3bb4ac88bda4
2025-06-16 10:18:28 [main] INFO  c.h.d.controller.PatientController - Patient updated successfully: PatientResponseDto(id=null, name=null, mobileNumber=null, age=28, bloodGroup=O+, gender=Female)
2025-06-16 10:18:28 [main] TRACE o.s.s.w.c.HttpSessionSecurityContextRepository - No HttpSession currently exists
2025-06-16 10:18:28 [main] TRACE o.s.s.w.c.HttpSessionSecurityContextRepository - Created SecurityContextImpl [Null authentication]
2025-06-16 10:18:28 [main] TRACE o.s.s.w.c.SupplierDeferredSecurityContext - Created SecurityContextImpl [Null authentication]
2025-06-16 10:18:28 [main] DEBUG o.s.s.w.c.HttpSessionSecurityContextRepository - Created HttpSession as SecurityContext is non-default
2025-06-16 10:18:28 [main] DEBUG o.s.s.w.c.HttpSessionSecurityContextRepository - Stored SecurityContextImpl [Authentication=UsernamePasswordAuthenticationToken [Principal=org.springframework.security.core.userdetails.User [Username=testuser, Password=[PROTECTED], Enabled=true, AccountNonExpired=true, CredentialsNonExpired=true, AccountNonLocked=true, Granted Authorities=[ROLE_ADMIN]], Credentials=[PROTECTED], Authenticated=true, Details=null, Granted Authorities=[ROLE_ADMIN]]] to HttpSession [org.springframework.mock.web.MockHttpSession@12f85dc8]
2025-06-16 10:18:28 [main] INFO  c.h.d.controller.PatientController - Deleting patient with ID: 87beeeea-3e1c-4f99-a860-8e7f2d91fb34
2025-06-16 10:18:28 [main] INFO  c.h.d.controller.PatientController - Patient deleted successfully with ID: 87beeeea-3e1c-4f99-a860-8e7f2d91fb34
2025-06-16 10:18:31 [main] INFO  c.h.d.c.AuthenticationController - Login attempt for username: 1234567890
2025-06-16 10:18:31 [main] DEBUG c.h.d.c.AuthenticationController - Login successful for username: 1234567890
2025-06-16 10:18:32 [main] INFO  c.h.d.c.AuthenticationController - Logout attempt for username: 1234567890
2025-06-16 10:18:32 [main] DEBUG c.h.d.c.AuthenticationController - Security context cleared for logout
2025-06-16 10:18:32 [main] INFO  c.h.d.c.AuthenticationController - Logout successful for username: 1234567890
2025-06-16 10:18:32 [main] INFO  c.h.d.c.AuthenticationController - Logout attempt for username: 1234567890
2025-06-16 10:18:32 [main] WARN  c.h.d.c.AuthenticationController - Logout failed due to missing or invalid JWT token
2025-06-16 10:18:33 [main] ERROR c.h.d.c.SpecializationController - Doctor not found at Id: 9134c27f-5bdb-443c-ae18-29bd9ce94ad0
