2025-06-17 09:46:20 [background-preinit] INFO  o.h.validator.internal.util.Version - HV000001: Hibernate Validator 8.0.2.Final
2025-06-17 09:46:20 [restartedMain] INFO  c.h.d.DoctorPatientServiceApplication - Starting DoctorPatientServiceApplication using Java 21.0.4 with PID 28664 (C:\Users\vaddivijaya.lakshmi\IdeaProjects\CapstoneProject\DoctorPatientService\target\classes started by vaddivijaya.lakshmi in C:\Users\vaddivijaya.lakshmi\IdeaProjects\CapstoneProject)
2025-06-17 09:46:20 [restartedMain] DEBUG c.h.d.DoctorPatientServiceApplication - Running with Spring Boot v3.4.2, Spring v6.2.2
2025-06-17 09:46:20 [restartedMain] INFO  c.h.d.DoctorPatientServiceApplication - No active profile set, falling back to 1 default profile: "default"
2025-06-17 09:46:20 [restartedMain] INFO  o.s.b.d.e.DevToolsPropertyDefaultsPostProcessor - Devtools property defaults active! Set 'spring.devtools.add-properties' to 'false' to disable
2025-06-17 09:46:20 [restartedMain] INFO  o.s.b.d.e.DevToolsPropertyDefaultsPostProcessor - For additional web related logging consider setting the 'logging.level.web' property to 'DEBUG'
2025-06-17 09:46:24 [restartedMain] INFO  o.s.d.r.c.RepositoryConfigurationDelegate - Bootstrapping Spring Data JPA repositories in DEFAULT mode.
2025-06-17 09:46:24 [restartedMain] INFO  o.s.d.r.c.RepositoryConfigurationDelegate - Finished Spring Data repository scanning in 317 ms. Found 6 JPA repository interfaces.
2025-06-17 09:46:26 [restartedMain] INFO  o.s.b.w.e.tomcat.TomcatWebServer - Tomcat initialized with port 8080 (http)
2025-06-17 09:46:26 [restartedMain] INFO  o.a.coyote.http11.Http11NioProtocol - Initializing ProtocolHandler ["http-nio-8080"]
2025-06-17 09:46:26 [restartedMain] INFO  o.a.catalina.core.StandardService - Starting service [Tomcat]
2025-06-17 09:46:26 [restartedMain] INFO  o.a.catalina.core.StandardEngine - Starting Servlet engine: [Apache Tomcat/10.1.34]
2025-06-17 09:46:26 [restartedMain] INFO  o.a.c.c.C.[Tomcat].[localhost].[/] - Initializing Spring embedded WebApplicationContext
2025-06-17 09:46:26 [restartedMain] INFO  o.s.b.w.s.c.ServletWebServerApplicationContext - Root WebApplicationContext: initialization completed in 6419 ms
2025-06-17 09:46:27 [restartedMain] INFO  o.h.jpa.internal.util.LogHelper - HHH000204: Processing PersistenceUnitInfo [name: default]
2025-06-17 09:46:27 [restartedMain] INFO  org.hibernate.Version - HHH000412: Hibernate ORM core version 6.6.5.Final
2025-06-17 09:46:27 [restartedMain] INFO  o.h.c.i.RegionFactoryInitiator - HHH000026: Second-level cache disabled
2025-06-17 09:46:28 [restartedMain] INFO  o.s.o.j.p.SpringPersistenceUnitInfo - No LoadTimeWeaver setup: ignoring JPA class transformer
2025-06-17 09:46:28 [restartedMain] INFO  com.zaxxer.hikari.HikariDataSource - HikariPool-1 - Starting...
2025-06-17 09:46:29 [restartedMain] INFO  com.zaxxer.hikari.pool.HikariPool - HikariPool-1 - Added connection org.postgresql.jdbc.PgConnection@5c01d74e
2025-06-17 09:46:29 [restartedMain] INFO  com.zaxxer.hikari.HikariDataSource - HikariPool-1 - Start completed.
2025-06-17 09:46:29 [restartedMain] INFO  o.hibernate.orm.connections.pooling - HHH10001005: Database info:
	Database JDBC URL [Connecting through datasource 'HikariDataSource (HikariPool-1)']
	Database driver: undefined/unknown
	Database version: 17.4
	Autocommit mode: undefined/unknown
	Isolation level: undefined/unknown
	Minimum pool size: undefined/unknown
	Maximum pool size: undefined/unknown
2025-06-17 09:46:31 [restartedMain] INFO  o.h.e.t.j.p.i.JtaPlatformInitiator - HHH000489: No JTA platform available (set 'hibernate.transaction.jta.platform' to enable JTA platform integration)
2025-06-17 09:46:32 [restartedMain] WARN  o.h.e.jdbc.spi.SqlExceptionHelper - SQL Warning Code: 0, SQLState: 00000
2025-06-17 09:46:32 [restartedMain] WARN  o.h.e.jdbc.spi.SqlExceptionHelper - constraint "ukls9pu1wmnutjmtbrsvxb3tofp" of relation "doctor" does not exist, skipping
2025-06-17 09:46:32 [restartedMain] INFO  o.s.o.j.LocalContainerEntityManagerFactoryBean - Initialized JPA EntityManagerFactory for persistence unit 'default'
2025-06-17 09:46:33 [restartedMain] DEBUG c.h.d.filter.JwtAuthRequestFilter - Filter 'jwtAuthRequestFilter' configured for use
2025-06-17 09:46:33 [restartedMain] DEBUG o.s.s.a.p.PrePostAnnotationSecurityMetadataSource - @org.springframework.security.access.prepost.PreAuthorize("hasAnyRole(\'PATIENT\',\'ADMIN\',\'DOCTOR\')") found on specific method: public org.springframework.http.ResponseEntity com.hcltech.doctorpatient.controller.AppointmentController.getall()
2025-06-17 09:46:33 [restartedMain] DEBUG o.s.s.a.m.DelegatingMethodSecurityMetadataSource - Caching method [CacheKey[com.hcltech.doctorpatient.controller.AppointmentController; public org.springframework.http.ResponseEntity com.hcltech.doctorpatient.controller.AppointmentController.getall()]] with attributes [[authorize: 'hasAnyRole('PATIENT','ADMIN','DOCTOR')', filter: 'null', filterTarget: 'null']]
2025-06-17 09:46:33 [restartedMain] TRACE o.s.s.a.i.a.MethodSecurityInterceptor - Validated configuration attributes
2025-06-17 09:46:33 [restartedMain] DEBUG o.s.s.a.p.PrePostAnnotationSecurityMetadataSource - @org.springframework.security.access.prepost.PreAuthorize("hasAnyRole(\'PATIENT\',\'ADMIN\')") found on specific method: public org.springframework.http.ResponseEntity com.hcltech.doctorpatient.controller.AppointmentController.getbyId(java.util.UUID)
2025-06-17 09:46:33 [restartedMain] DEBUG o.s.s.a.m.DelegatingMethodSecurityMetadataSource - Caching method [CacheKey[com.hcltech.doctorpatient.controller.AppointmentController; public org.springframework.http.ResponseEntity com.hcltech.doctorpatient.controller.AppointmentController.getbyId(java.util.UUID)]] with attributes [[authorize: 'hasAnyRole('PATIENT','ADMIN')', filter: 'null', filterTarget: 'null']]
2025-06-17 09:46:33 [restartedMain] DEBUG o.s.s.a.p.PrePostAnnotationSecurityMetadataSource - @org.springframework.security.access.prepost.PreAuthorize("hasAnyRole(\'DOCTOR\',\'ADMIN\')") found on specific method: public org.springframework.http.ResponseEntity com.hcltech.doctorpatient.controller.AppointmentController.markAsCompleted(java.util.UUID)
2025-06-17 09:46:33 [restartedMain] DEBUG o.s.s.a.m.DelegatingMethodSecurityMetadataSource - Caching method [CacheKey[com.hcltech.doctorpatient.controller.AppointmentController; public org.springframework.http.ResponseEntity com.hcltech.doctorpatient.controller.AppointmentController.markAsCompleted(java.util.UUID)]] with attributes [[authorize: 'hasAnyRole('DOCTOR','ADMIN')', filter: 'null', filterTarget: 'null']]
2025-06-17 09:46:33 [restartedMain] DEBUG o.s.s.a.p.PrePostAnnotationSecurityMetadataSource - @org.springframework.security.access.prepost.PreAuthorize("hasAnyRole(\'DOCTOR\',\'ADMIN\')") found on specific method: public org.springframework.http.ResponseEntity com.hcltech.doctorpatient.controller.AppointmentController.getMyAppointments()
2025-06-17 09:46:33 [restartedMain] DEBUG o.s.s.a.m.DelegatingMethodSecurityMetadataSource - Caching method [CacheKey[com.hcltech.doctorpatient.controller.AppointmentController; public org.springframework.http.ResponseEntity com.hcltech.doctorpatient.controller.AppointmentController.getMyAppointments()]] with attributes [[authorize: 'hasAnyRole('DOCTOR','ADMIN')', filter: 'null', filterTarget: 'null']]
2025-06-17 09:46:33 [restartedMain] DEBUG o.s.s.a.p.PrePostAnnotationSecurityMetadataSource - @org.springframework.security.access.prepost.PreAuthorize("hasAnyRole(\'PATIENT\',\'ADMIN\')") found on specific method: public org.springframework.http.ResponseEntity com.hcltech.doctorpatient.controller.AppointmentController.update(java.util.UUID,com.hcltech.doctorpatient.dto.appointmentdto.AppointmentRequestDto)
2025-06-17 09:46:33 [restartedMain] DEBUG o.s.s.a.m.DelegatingMethodSecurityMetadataSource - Caching method [CacheKey[com.hcltech.doctorpatient.controller.AppointmentController; public org.springframework.http.ResponseEntity com.hcltech.doctorpatient.controller.AppointmentController.update(java.util.UUID,com.hcltech.doctorpatient.dto.appointmentdto.AppointmentRequestDto)]] with attributes [[authorize: 'hasAnyRole('PATIENT','ADMIN')', filter: 'null', filterTarget: 'null']]
2025-06-17 09:46:33 [restartedMain] DEBUG o.s.s.a.p.PrePostAnnotationSecurityMetadataSource - @org.springframework.security.access.prepost.PreAuthorize("hasAnyRole(\'PATIENT\',\'ADMIN\')") found on specific method: public org.springframework.http.ResponseEntity com.hcltech.doctorpatient.controller.AppointmentController.cancel(java.util.UUID)
2025-06-17 09:46:33 [restartedMain] DEBUG o.s.s.a.m.DelegatingMethodSecurityMetadataSource - Caching method [CacheKey[com.hcltech.doctorpatient.controller.AppointmentController; public org.springframework.http.ResponseEntity com.hcltech.doctorpatient.controller.AppointmentController.cancel(java.util.UUID)]] with attributes [[authorize: 'hasAnyRole('PATIENT','ADMIN')', filter: 'null', filterTarget: 'null']]
2025-06-17 09:46:33 [restartedMain] DEBUG o.s.s.a.p.PrePostAnnotationSecurityMetadataSource - @org.springframework.security.access.prepost.PreAuthorize("hasAnyRole(\'PATIENT\',\'ADMIN\')") found on specific method: public org.springframework.http.ResponseEntity com.hcltech.doctorpatient.controller.AppointmentController.create(com.hcltech.doctorpatient.dto.appointmentdto.AppointmentRequestDto)
2025-06-17 09:46:33 [restartedMain] DEBUG o.s.s.a.m.DelegatingMethodSecurityMetadataSource - Caching method [CacheKey[com.hcltech.doctorpatient.controller.AppointmentController; public org.springframework.http.ResponseEntity com.hcltech.doctorpatient.controller.AppointmentController.create(com.hcltech.doctorpatient.dto.appointmentdto.AppointmentRequestDto)]] with attributes [[authorize: 'hasAnyRole('PATIENT','ADMIN')', filter: 'null', filterTarget: 'null']]
2025-06-17 09:46:33 [restartedMain] TRACE o.s.s.c.a.a.c.AuthenticationConfiguration$EnableGlobalAuthenticationAutowiredConfigurer - Eagerly initializing {doctorPatientServiceApplication=com.hcltech.doctorpatient.DoctorPatientServiceApplication$$SpringCGLIB$$0@50f60a5b, securityConfiguration=com.hcltech.doctorpatient.config.SecurityConfiguration$$SpringCGLIB$$0@26b84e4}
2025-06-17 09:46:33 [restartedMain] INFO  o.s.s.c.a.a.c.InitializeAuthenticationProviderBeanManagerConfigurer$InitializeAuthenticationProviderManagerConfigurer - Global AuthenticationManager configured with AuthenticationProvider bean with name authenticationProvider
2025-06-17 09:46:33 [restartedMain] WARN  o.s.s.c.a.a.c.InitializeUserDetailsBeanManagerConfigurer$InitializeUserDetailsManagerConfigurer - Global AuthenticationManager configured with an AuthenticationProvider bean. UserDetailsService beans will not be used by Spring Security for automatically configuring username/password login. Consider removing the AuthenticationProvider bean. Alternatively, consider using the UserDetailsService in a manually instantiated DaoAuthenticationProvider. If the current configuration is intentional, to turn off this warning, increase the logging level of 'org.springframework.security.config.annotation.authentication.configuration.InitializeUserDetailsBeanManagerConfigurer' to ERROR
2025-06-17 09:46:33 [restartedMain] DEBUG o.s.s.a.p.PrePostAnnotationSecurityMetadataSource - @org.springframework.security.access.prepost.PreAuthorize("hasAnyRole(\'DOCTOR\',\'ADMIN\')") found on specific method: public org.springframework.http.ResponseEntity com.hcltech.doctorpatient.controller.DiseaseController.getById(java.util.UUID)
2025-06-17 09:46:33 [restartedMain] DEBUG o.s.s.a.m.DelegatingMethodSecurityMetadataSource - Caching method [CacheKey[com.hcltech.doctorpatient.controller.DiseaseController; public org.springframework.http.ResponseEntity com.hcltech.doctorpatient.controller.DiseaseController.getById(java.util.UUID)]] with attributes [[authorize: 'hasAnyRole('DOCTOR','ADMIN')', filter: 'null', filterTarget: 'null']]
2025-06-17 09:46:33 [restartedMain] DEBUG o.s.s.a.p.PrePostAnnotationSecurityMetadataSource - @org.springframework.security.access.prepost.PreAuthorize("hasAnyRole(\'DOCTOR\',\'ADMIN\')") found on specific method: public org.springframework.http.ResponseEntity com.hcltech.doctorpatient.controller.DiseaseController.delete(java.util.UUID)
2025-06-17 09:46:33 [restartedMain] DEBUG o.s.s.a.m.DelegatingMethodSecurityMetadataSource - Caching method [CacheKey[com.hcltech.doctorpatient.controller.DiseaseController; public org.springframework.http.ResponseEntity com.hcltech.doctorpatient.controller.DiseaseController.delete(java.util.UUID)]] with attributes [[authorize: 'hasAnyRole('DOCTOR','ADMIN')', filter: 'null', filterTarget: 'null']]
2025-06-17 09:46:33 [restartedMain] DEBUG o.s.s.a.p.PrePostAnnotationSecurityMetadataSource - @org.springframework.security.access.prepost.PreAuthorize("hasAnyRole(\'DOCTOR\',\'ADMIN\')") found on specific method: public com.hcltech.doctorpatient.dto.DiseaseDTO com.hcltech.doctorpatient.controller.DiseaseController.create(com.hcltech.doctorpatient.dto.DiseaseDTO)
2025-06-17 09:46:33 [restartedMain] DEBUG o.s.s.a.m.DelegatingMethodSecurityMetadataSource - Caching method [CacheKey[com.hcltech.doctorpatient.controller.DiseaseController; public com.hcltech.doctorpatient.dto.DiseaseDTO com.hcltech.doctorpatient.controller.DiseaseController.create(com.hcltech.doctorpatient.dto.DiseaseDTO)]] with attributes [[authorize: 'hasAnyRole('DOCTOR','ADMIN')', filter: 'null', filterTarget: 'null']]
2025-06-17 09:46:33 [restartedMain] DEBUG o.s.s.a.p.PrePostAnnotationSecurityMetadataSource - @org.springframework.security.access.prepost.PreAuthorize("hasAnyRole(\'DOCTOR\',\'ADMIN\',\'PATIENT\')") found on specific method: public org.springframework.http.ResponseEntity com.hcltech.doctorpatient.controller.DiseaseController.getAll()
2025-06-17 09:46:33 [restartedMain] DEBUG o.s.s.a.m.DelegatingMethodSecurityMetadataSource - Caching method [CacheKey[com.hcltech.doctorpatient.controller.DiseaseController; public org.springframework.http.ResponseEntity com.hcltech.doctorpatient.controller.DiseaseController.getAll()]] with attributes [[authorize: 'hasAnyRole('DOCTOR','ADMIN','PATIENT')', filter: 'null', filterTarget: 'null']]
2025-06-17 09:46:33 [restartedMain] DEBUG o.s.s.a.p.PrePostAnnotationSecurityMetadataSource - @org.springframework.security.access.prepost.PreAuthorize("hasAnyRole(\'DOCTOR\',\'ADMIN\')") found on specific method: public org.springframework.http.ResponseEntity com.hcltech.doctorpatient.controller.DoctorController.getOneById(java.util.UUID)
2025-06-17 09:46:33 [restartedMain] DEBUG o.s.s.a.m.DelegatingMethodSecurityMetadataSource - Caching method [CacheKey[com.hcltech.doctorpatient.controller.DoctorController; public org.springframework.http.ResponseEntity com.hcltech.doctorpatient.controller.DoctorController.getOneById(java.util.UUID)]] with attributes [[authorize: 'hasAnyRole('DOCTOR','ADMIN')', filter: 'null', filterTarget: 'null']]
2025-06-17 09:46:33 [restartedMain] DEBUG o.s.s.a.p.PrePostAnnotationSecurityMetadataSource - @org.springframework.security.access.prepost.PreAuthorize("hasAnyRole(\'DOCTOR\',\'ADMIN\')") found on specific method: public org.springframework.http.ResponseEntity com.hcltech.doctorpatient.controller.DoctorController.update(com.hcltech.doctorpatient.dto.doctordto.DoctorRequestDto,java.util.UUID)
2025-06-17 09:46:33 [restartedMain] DEBUG o.s.s.a.m.DelegatingMethodSecurityMetadataSource - Caching method [CacheKey[com.hcltech.doctorpatient.controller.DoctorController; public org.springframework.http.ResponseEntity com.hcltech.doctorpatient.controller.DoctorController.update(com.hcltech.doctorpatient.dto.doctordto.DoctorRequestDto,java.util.UUID)]] with attributes [[authorize: 'hasAnyRole('DOCTOR','ADMIN')', filter: 'null', filterTarget: 'null']]
2025-06-17 09:46:33 [restartedMain] DEBUG o.s.s.a.p.PrePostAnnotationSecurityMetadataSource - @org.springframework.security.access.prepost.PreAuthorize("hasAnyRole(\'DOCTOR\',\'ADMIN\')") found on specific method: public org.springframework.http.ResponseEntity com.hcltech.doctorpatient.controller.DoctorController.delete(java.util.UUID)
2025-06-17 09:46:33 [restartedMain] DEBUG o.s.s.a.m.DelegatingMethodSecurityMetadataSource - Caching method [CacheKey[com.hcltech.doctorpatient.controller.DoctorController; public org.springframework.http.ResponseEntity com.hcltech.doctorpatient.controller.DoctorController.delete(java.util.UUID)]] with attributes [[authorize: 'hasAnyRole('DOCTOR','ADMIN')', filter: 'null', filterTarget: 'null']]
2025-06-17 09:46:33 [restartedMain] DEBUG o.s.s.a.p.PrePostAnnotationSecurityMetadataSource - @org.springframework.security.access.prepost.PreAuthorize("hasAnyRole(\'DOCTOR\',\'ADMIN\')") found on specific method: public org.springframework.http.ResponseEntity com.hcltech.doctorpatient.controller.DoctorController.create(com.hcltech.doctorpatient.dto.doctordto.DoctorRequestDto,java.util.UUID)
2025-06-17 09:46:33 [restartedMain] DEBUG o.s.s.a.m.DelegatingMethodSecurityMetadataSource - Caching method [CacheKey[com.hcltech.doctorpatient.controller.DoctorController; public org.springframework.http.ResponseEntity com.hcltech.doctorpatient.controller.DoctorController.create(com.hcltech.doctorpatient.dto.doctordto.DoctorRequestDto,java.util.UUID)]] with attributes [[authorize: 'hasAnyRole('DOCTOR','ADMIN')', filter: 'null', filterTarget: 'null']]
2025-06-17 09:46:33 [restartedMain] DEBUG o.s.s.a.p.PrePostAnnotationSecurityMetadataSource - @org.springframework.security.access.prepost.PreAuthorize("hasAnyRole(\'DOCTOR\',\'ADMIN\')") found on specific method: public org.springframework.http.ResponseEntity com.hcltech.doctorpatient.controller.DoctorController.getAll()
2025-06-17 09:46:33 [restartedMain] DEBUG o.s.s.a.m.DelegatingMethodSecurityMetadataSource - Caching method [CacheKey[com.hcltech.doctorpatient.controller.DoctorController; public org.springframework.http.ResponseEntity com.hcltech.doctorpatient.controller.DoctorController.getAll()]] with attributes [[authorize: 'hasAnyRole('DOCTOR','ADMIN')', filter: 'null', filterTarget: 'null']]
2025-06-17 09:46:33 [restartedMain] DEBUG o.s.s.a.p.PrePostAnnotationSecurityMetadataSource - @org.springframework.security.access.prepost.PreAuthorize("hasAnyRole(\'PATIENT\',\'ADMIN\')") found on specific method: public org.springframework.http.ResponseEntity com.hcltech.doctorpatient.controller.PatientController.getOneById(java.util.UUID)
2025-06-17 09:46:33 [restartedMain] DEBUG o.s.s.a.m.DelegatingMethodSecurityMetadataSource - Caching method [CacheKey[com.hcltech.doctorpatient.controller.PatientController; public org.springframework.http.ResponseEntity com.hcltech.doctorpatient.controller.PatientController.getOneById(java.util.UUID)]] with attributes [[authorize: 'hasAnyRole('PATIENT','ADMIN')', filter: 'null', filterTarget: 'null']]
2025-06-17 09:46:33 [restartedMain] DEBUG o.s.s.a.p.PrePostAnnotationSecurityMetadataSource - @org.springframework.security.access.prepost.PreAuthorize("hasAnyRole(\'PATIENT\',\'ADMIN\')") found on specific method: public org.springframework.http.ResponseEntity com.hcltech.doctorpatient.controller.PatientController.update(com.hcltech.doctorpatient.dto.patientdto.PatientRequestDto,java.util.UUID)
2025-06-17 09:46:33 [restartedMain] DEBUG o.s.s.a.m.DelegatingMethodSecurityMetadataSource - Caching method [CacheKey[com.hcltech.doctorpatient.controller.PatientController; public org.springframework.http.ResponseEntity com.hcltech.doctorpatient.controller.PatientController.update(com.hcltech.doctorpatient.dto.patientdto.PatientRequestDto,java.util.UUID)]] with attributes [[authorize: 'hasAnyRole('PATIENT','ADMIN')', filter: 'null', filterTarget: 'null']]
2025-06-17 09:46:33 [restartedMain] DEBUG o.s.s.a.p.PrePostAnnotationSecurityMetadataSource - @org.springframework.security.access.prepost.PreAuthorize("hasAnyRole(\'PATIENT\',\'ADMIN\')") found on specific method: public org.springframework.http.ResponseEntity com.hcltech.doctorpatient.controller.PatientController.delete(java.util.UUID)
2025-06-17 09:46:33 [restartedMain] DEBUG o.s.s.a.m.DelegatingMethodSecurityMetadataSource - Caching method [CacheKey[com.hcltech.doctorpatient.controller.PatientController; public org.springframework.http.ResponseEntity com.hcltech.doctorpatient.controller.PatientController.delete(java.util.UUID)]] with attributes [[authorize: 'hasAnyRole('PATIENT','ADMIN')', filter: 'null', filterTarget: 'null']]
2025-06-17 09:46:33 [restartedMain] DEBUG o.s.s.a.p.PrePostAnnotationSecurityMetadataSource - @org.springframework.security.access.prepost.PreAuthorize("hasAnyRole(\'PATIENT\',\'ADMIN\')") found on specific method: public org.springframework.http.ResponseEntity com.hcltech.doctorpatient.controller.PatientController.create(com.hcltech.doctorpatient.dto.patientdto.PatientRequestDto,java.util.UUID)
2025-06-17 09:46:33 [restartedMain] DEBUG o.s.s.a.m.DelegatingMethodSecurityMetadataSource - Caching method [CacheKey[com.hcltech.doctorpatient.controller.PatientController; public org.springframework.http.ResponseEntity com.hcltech.doctorpatient.controller.PatientController.create(com.hcltech.doctorpatient.dto.patientdto.PatientRequestDto,java.util.UUID)]] with attributes [[authorize: 'hasAnyRole('PATIENT','ADMIN')', filter: 'null', filterTarget: 'null']]
2025-06-17 09:46:33 [restartedMain] DEBUG o.s.s.a.p.PrePostAnnotationSecurityMetadataSource - @org.springframework.security.access.prepost.PreAuthorize("hasAnyRole(\'PATIENT\',\'ADMIN\')") found on specific method: public org.springframework.http.ResponseEntity com.hcltech.doctorpatient.controller.PatientController.getAll()
2025-06-17 09:46:33 [restartedMain] DEBUG o.s.s.a.m.DelegatingMethodSecurityMetadataSource - Caching method [CacheKey[com.hcltech.doctorpatient.controller.PatientController; public org.springframework.http.ResponseEntity com.hcltech.doctorpatient.controller.PatientController.getAll()]] with attributes [[authorize: 'hasAnyRole('PATIENT','ADMIN')', filter: 'null', filterTarget: 'null']]
2025-06-17 09:46:33 [restartedMain] DEBUG o.s.s.a.p.PrePostAnnotationSecurityMetadataSource - @org.springframework.security.access.prepost.PreAuthorize("hasRole(\'ADMIN\')") found on specific method: public org.springframework.http.ResponseEntity com.hcltech.doctorpatient.controller.UserController.deleteUser(java.util.UUID)
2025-06-17 09:46:33 [restartedMain] DEBUG o.s.s.a.m.DelegatingMethodSecurityMetadataSource - Caching method [CacheKey[com.hcltech.doctorpatient.controller.UserController; public org.springframework.http.ResponseEntity com.hcltech.doctorpatient.controller.UserController.deleteUser(java.util.UUID)]] with attributes [[authorize: 'hasRole('ADMIN')', filter: 'null', filterTarget: 'null']]
2025-06-17 09:46:33 [restartedMain] DEBUG o.s.s.a.p.PrePostAnnotationSecurityMetadataSource - @org.springframework.security.access.prepost.PreAuthorize("hasRole(\'ADMIN\')") found on specific method: public org.springframework.http.ResponseEntity com.hcltech.doctorpatient.controller.UserController.getUser(java.util.UUID)
2025-06-17 09:46:33 [restartedMain] DEBUG o.s.s.a.m.DelegatingMethodSecurityMetadataSource - Caching method [CacheKey[com.hcltech.doctorpatient.controller.UserController; public org.springframework.http.ResponseEntity com.hcltech.doctorpatient.controller.UserController.getUser(java.util.UUID)]] with attributes [[authorize: 'hasRole('ADMIN')', filter: 'null', filterTarget: 'null']]
2025-06-17 09:46:33 [restartedMain] DEBUG o.s.s.a.p.PrePostAnnotationSecurityMetadataSource - @org.springframework.security.access.prepost.PreAuthorize("hasAnyRole(\'PATIENT\',\'ADMIN\',\'DOCTOR\')") found on specific method: public org.springframework.http.ResponseEntity com.hcltech.doctorpatient.controller.UserController.updateUser(com.hcltech.doctorpatient.dto.UserDTO,java.util.UUID)
2025-06-17 09:46:33 [restartedMain] DEBUG o.s.s.a.m.DelegatingMethodSecurityMetadataSource - Caching method [CacheKey[com.hcltech.doctorpatient.controller.UserController; public org.springframework.http.ResponseEntity com.hcltech.doctorpatient.controller.UserController.updateUser(com.hcltech.doctorpatient.dto.UserDTO,java.util.UUID)]] with attributes [[authorize: 'hasAnyRole('PATIENT','ADMIN','DOCTOR')', filter: 'null', filterTarget: 'null']]
2025-06-17 09:46:33 [restartedMain] DEBUG o.s.s.a.p.PrePostAnnotationSecurityMetadataSource - @org.springframework.security.access.prepost.PreAuthorize("hasAnyRole(\'ADMIN\')") found on specific method: public org.springframework.http.ResponseEntity com.hcltech.doctorpatient.controller.UserController.getAllUsers()
2025-06-17 09:46:33 [restartedMain] DEBUG o.s.s.a.m.DelegatingMethodSecurityMetadataSource - Caching method [CacheKey[com.hcltech.doctorpatient.controller.UserController; public org.springframework.http.ResponseEntity com.hcltech.doctorpatient.controller.UserController.getAllUsers()]] with attributes [[authorize: 'hasAnyRole('ADMIN')', filter: 'null', filterTarget: 'null']]
2025-06-17 09:46:34 [restartedMain] WARN  o.s.b.a.o.j.JpaBaseConfiguration$JpaWebConfiguration - spring.jpa.open-in-view is enabled by default. Therefore, database queries may be performed during view rendering. Explicitly configure spring.jpa.open-in-view to disable this warning
2025-06-17 09:46:35 [restartedMain] DEBUG o.s.s.web.DefaultSecurityFilterChain - Will secure any request with filters: DisableEncodeUrlFilter, WebAsyncManagerIntegrationFilter, SecurityContextHolderFilter, HeaderWriterFilter, LogoutFilter, JwtAuthRequestFilter, RequestCacheAwareFilter, SecurityContextHolderAwareRequestFilter, AnonymousAuthenticationFilter, SessionManagementFilter, ExceptionTranslationFilter, AuthorizationFilter
2025-06-17 09:46:36 [restartedMain] INFO  o.s.b.d.a.OptionalLiveReloadServer - LiveReload server is running on port 35729
2025-06-17 09:46:36 [restartedMain] INFO  o.a.coyote.http11.Http11NioProtocol - Starting ProtocolHandler ["http-nio-8080"]
2025-06-17 09:46:36 [restartedMain] INFO  o.s.b.w.e.tomcat.TomcatWebServer - Tomcat started on port 8080 (http) with context path '/'
2025-06-17 09:46:36 [restartedMain] INFO  c.h.d.DoctorPatientServiceApplication - Started DoctorPatientServiceApplication in 17.538 seconds (process running for 21.223)
2025-06-17 09:49:23 [http-nio-8080-exec-3] INFO  o.a.c.c.C.[Tomcat].[localhost].[/] - Initializing Spring DispatcherServlet 'dispatcherServlet'
2025-06-17 09:49:23 [http-nio-8080-exec-3] INFO  o.s.web.servlet.DispatcherServlet - Initializing Servlet 'dispatcherServlet'
2025-06-17 09:49:23 [http-nio-8080-exec-3] INFO  o.s.web.servlet.DispatcherServlet - Completed initialization in 2 ms
2025-06-17 09:49:23 [http-nio-8080-exec-3] TRACE o.s.security.web.FilterChainProxy - Trying to match request against DefaultSecurityFilterChain defined as 'securityFilterChain' in [class path resource [com/hcltech/doctorpatient/config/SecurityConfiguration.class]] matching [any request] and having filters [DisableEncodeUrl, WebAsyncManagerIntegration, SecurityContextHolder, HeaderWriter, Logout, JwtAuthRequest, RequestCacheAware, SecurityContextHolderAwareRequest, AnonymousAuthentication, SessionManagement, ExceptionTranslation, Authorization] (1/1)
2025-06-17 09:49:23 [http-nio-8080-exec-3] DEBUG o.s.security.web.FilterChainProxy - Securing GET /swagger-ui/index.html
2025-06-17 09:49:23 [http-nio-8080-exec-3] TRACE o.s.security.web.FilterChainProxy - Invoking DisableEncodeUrlFilter (1/12)
2025-06-17 09:49:23 [http-nio-8080-exec-3] TRACE o.s.security.web.FilterChainProxy - Invoking WebAsyncManagerIntegrationFilter (2/12)
2025-06-17 09:49:23 [http-nio-8080-exec-3] TRACE o.s.security.web.FilterChainProxy - Invoking SecurityContextHolderFilter (3/12)
2025-06-17 09:49:23 [http-nio-8080-exec-3] TRACE o.s.security.web.FilterChainProxy - Invoking HeaderWriterFilter (4/12)
2025-06-17 09:49:23 [http-nio-8080-exec-3] TRACE o.s.security.web.FilterChainProxy - Invoking LogoutFilter (5/12)
2025-06-17 09:49:23 [http-nio-8080-exec-3] TRACE o.s.s.w.a.logout.LogoutFilter - Did not match request to Or [Ant [pattern='/logout', GET], Ant [pattern='/logout', POST], Ant [pattern='/logout', PUT], Ant [pattern='/logout', DELETE]]
2025-06-17 09:49:23 [http-nio-8080-exec-3] TRACE o.s.security.web.FilterChainProxy - Invoking JwtAuthRequestFilter (6/12)
2025-06-17 09:49:23 [http-nio-8080-exec-3] TRACE o.s.security.web.FilterChainProxy - Invoking RequestCacheAwareFilter (7/12)
2025-06-17 09:49:23 [http-nio-8080-exec-3] TRACE o.s.security.web.FilterChainProxy - Invoking SecurityContextHolderAwareRequestFilter (8/12)
2025-06-17 09:49:23 [http-nio-8080-exec-3] TRACE o.s.security.web.FilterChainProxy - Invoking AnonymousAuthenticationFilter (9/12)
2025-06-17 09:49:23 [http-nio-8080-exec-3] TRACE o.s.security.web.FilterChainProxy - Invoking SessionManagementFilter (10/12)
2025-06-17 09:49:23 [http-nio-8080-exec-3] TRACE o.s.s.w.c.SupplierDeferredSecurityContext - Created SecurityContextImpl [Null authentication]
2025-06-17 09:49:23 [http-nio-8080-exec-3] TRACE o.s.s.w.a.AnonymousAuthenticationFilter - Set SecurityContextHolder to AnonymousAuthenticationToken [Principal=anonymousUser, Credentials=[PROTECTED], Authenticated=true, Details=WebAuthenticationDetails [RemoteIpAddress=0:0:0:0:0:0:0:1, SessionId=null], Granted Authorities=[ROLE_ANONYMOUS]]
2025-06-17 09:49:23 [http-nio-8080-exec-3] TRACE o.s.security.web.FilterChainProxy - Invoking ExceptionTranslationFilter (11/12)
2025-06-17 09:49:23 [http-nio-8080-exec-3] TRACE o.s.security.web.FilterChainProxy - Invoking AuthorizationFilter (12/12)
2025-06-17 09:49:23 [http-nio-8080-exec-3] TRACE o.s.s.w.a.i.RequestMatcherDelegatingAuthorizationManager - Authorizing GET /swagger-ui/index.html
2025-06-17 09:49:23 [http-nio-8080-exec-3] TRACE o.s.s.w.a.i.RequestMatcherDelegatingAuthorizationManager - Checking authorization on GET /swagger-ui/index.html using org.springframework.security.config.annotation.web.configurers.AuthorizeHttpRequestsConfigurer$$Lambda/0x0000021ebda63230@3d258e7b
2025-06-17 09:49:23 [http-nio-8080-exec-3] DEBUG o.s.security.web.FilterChainProxy - Secured GET /swagger-ui/index.html
2025-06-17 09:49:23 [http-nio-8080-exec-3] TRACE o.s.s.w.h.writers.HstsHeaderWriter - Not injecting HSTS header since it did not match request to [Is Secure]
2025-06-17 09:49:23 [http-nio-8080-exec-4] TRACE o.s.security.web.FilterChainProxy - Trying to match request against DefaultSecurityFilterChain defined as 'securityFilterChain' in [class path resource [com/hcltech/doctorpatient/config/SecurityConfiguration.class]] matching [any request] and having filters [DisableEncodeUrl, WebAsyncManagerIntegration, SecurityContextHolder, HeaderWriter, Logout, JwtAuthRequest, RequestCacheAware, SecurityContextHolderAwareRequest, AnonymousAuthentication, SessionManagement, ExceptionTranslation, Authorization] (1/1)
2025-06-17 09:49:23 [http-nio-8080-exec-4] DEBUG o.s.security.web.FilterChainProxy - Securing GET /swagger-ui/swagger-ui.css
2025-06-17 09:49:23 [http-nio-8080-exec-4] TRACE o.s.security.web.FilterChainProxy - Invoking DisableEncodeUrlFilter (1/12)
2025-06-17 09:49:23 [http-nio-8080-exec-4] TRACE o.s.security.web.FilterChainProxy - Invoking WebAsyncManagerIntegrationFilter (2/12)
2025-06-17 09:49:23 [http-nio-8080-exec-4] TRACE o.s.security.web.FilterChainProxy - Invoking SecurityContextHolderFilter (3/12)
2025-06-17 09:49:23 [http-nio-8080-exec-4] TRACE o.s.security.web.FilterChainProxy - Invoking HeaderWriterFilter (4/12)
2025-06-17 09:49:23 [http-nio-8080-exec-4] TRACE o.s.security.web.FilterChainProxy - Invoking LogoutFilter (5/12)
2025-06-17 09:49:23 [http-nio-8080-exec-4] TRACE o.s.s.w.a.logout.LogoutFilter - Did not match request to Or [Ant [pattern='/logout', GET], Ant [pattern='/logout', POST], Ant [pattern='/logout', PUT], Ant [pattern='/logout', DELETE]]
2025-06-17 09:49:23 [http-nio-8080-exec-4] TRACE o.s.security.web.FilterChainProxy - Invoking JwtAuthRequestFilter (6/12)
2025-06-17 09:49:23 [http-nio-8080-exec-4] TRACE o.s.security.web.FilterChainProxy - Invoking RequestCacheAwareFilter (7/12)
2025-06-17 09:49:23 [http-nio-8080-exec-4] TRACE o.s.security.web.FilterChainProxy - Invoking SecurityContextHolderAwareRequestFilter (8/12)
2025-06-17 09:49:23 [http-nio-8080-exec-4] TRACE o.s.security.web.FilterChainProxy - Invoking AnonymousAuthenticationFilter (9/12)
2025-06-17 09:49:23 [http-nio-8080-exec-4] TRACE o.s.security.web.FilterChainProxy - Invoking SessionManagementFilter (10/12)
2025-06-17 09:49:23 [http-nio-8080-exec-4] TRACE o.s.s.w.c.SupplierDeferredSecurityContext - Created SecurityContextImpl [Null authentication]
2025-06-17 09:49:23 [http-nio-8080-exec-4] TRACE o.s.s.w.a.AnonymousAuthenticationFilter - Set SecurityContextHolder to AnonymousAuthenticationToken [Principal=anonymousUser, Credentials=[PROTECTED], Authenticated=true, Details=WebAuthenticationDetails [RemoteIpAddress=0:0:0:0:0:0:0:1, SessionId=null], Granted Authorities=[ROLE_ANONYMOUS]]
2025-06-17 09:49:23 [http-nio-8080-exec-4] TRACE o.s.security.web.FilterChainProxy - Invoking ExceptionTranslationFilter (11/12)
2025-06-17 09:49:23 [http-nio-8080-exec-4] TRACE o.s.security.web.FilterChainProxy - Invoking AuthorizationFilter (12/12)
2025-06-17 09:49:23 [http-nio-8080-exec-4] TRACE o.s.s.w.a.i.RequestMatcherDelegatingAuthorizationManager - Authorizing GET /swagger-ui/swagger-ui.css
2025-06-17 09:49:23 [http-nio-8080-exec-4] TRACE o.s.s.w.a.i.RequestMatcherDelegatingAuthorizationManager - Checking authorization on GET /swagger-ui/swagger-ui.css using org.springframework.security.config.annotation.web.configurers.AuthorizeHttpRequestsConfigurer$$Lambda/0x0000021ebda63230@3d258e7b
2025-06-17 09:49:23 [http-nio-8080-exec-4] DEBUG o.s.security.web.FilterChainProxy - Secured GET /swagger-ui/swagger-ui.css
2025-06-17 09:49:23 [http-nio-8080-exec-7] TRACE o.s.security.web.FilterChainProxy - Trying to match request against DefaultSecurityFilterChain defined as 'securityFilterChain' in [class path resource [com/hcltech/doctorpatient/config/SecurityConfiguration.class]] matching [any request] and having filters [DisableEncodeUrl, WebAsyncManagerIntegration, SecurityContextHolder, HeaderWriter, Logout, JwtAuthRequest, RequestCacheAware, SecurityContextHolderAwareRequest, AnonymousAuthentication, SessionManagement, ExceptionTranslation, Authorization] (1/1)
2025-06-17 09:49:23 [http-nio-8080-exec-7] DEBUG o.s.security.web.FilterChainProxy - Securing GET /swagger-ui/index.css
2025-06-17 09:49:23 [http-nio-8080-exec-7] TRACE o.s.security.web.FilterChainProxy - Invoking DisableEncodeUrlFilter (1/12)
2025-06-17 09:49:23 [http-nio-8080-exec-7] TRACE o.s.security.web.FilterChainProxy - Invoking WebAsyncManagerIntegrationFilter (2/12)
2025-06-17 09:49:23 [http-nio-8080-exec-7] TRACE o.s.security.web.FilterChainProxy - Invoking SecurityContextHolderFilter (3/12)
2025-06-17 09:49:23 [http-nio-8080-exec-7] TRACE o.s.security.web.FilterChainProxy - Invoking HeaderWriterFilter (4/12)
2025-06-17 09:49:23 [http-nio-8080-exec-7] TRACE o.s.security.web.FilterChainProxy - Invoking LogoutFilter (5/12)
2025-06-17 09:49:23 [http-nio-8080-exec-7] TRACE o.s.s.w.a.logout.LogoutFilter - Did not match request to Or [Ant [pattern='/logout', GET], Ant [pattern='/logout', POST], Ant [pattern='/logout', PUT], Ant [pattern='/logout', DELETE]]
2025-06-17 09:49:23 [http-nio-8080-exec-7] TRACE o.s.security.web.FilterChainProxy - Invoking JwtAuthRequestFilter (6/12)
2025-06-17 09:49:23 [http-nio-8080-exec-7] TRACE o.s.security.web.FilterChainProxy - Invoking RequestCacheAwareFilter (7/12)
2025-06-17 09:49:23 [http-nio-8080-exec-7] TRACE o.s.security.web.FilterChainProxy - Invoking SecurityContextHolderAwareRequestFilter (8/12)
2025-06-17 09:49:23 [http-nio-8080-exec-7] TRACE o.s.security.web.FilterChainProxy - Invoking AnonymousAuthenticationFilter (9/12)
2025-06-17 09:49:23 [http-nio-8080-exec-8] TRACE o.s.security.web.FilterChainProxy - Trying to match request against DefaultSecurityFilterChain defined as 'securityFilterChain' in [class path resource [com/hcltech/doctorpatient/config/SecurityConfiguration.class]] matching [any request] and having filters [DisableEncodeUrl, WebAsyncManagerIntegration, SecurityContextHolder, HeaderWriter, Logout, JwtAuthRequest, RequestCacheAware, SecurityContextHolderAwareRequest, AnonymousAuthentication, SessionManagement, ExceptionTranslation, Authorization] (1/1)
2025-06-17 09:49:23 [http-nio-8080-exec-7] TRACE o.s.security.web.FilterChainProxy - Invoking SessionManagementFilter (10/12)
2025-06-17 09:49:23 [http-nio-8080-exec-8] DEBUG o.s.security.web.FilterChainProxy - Securing GET /swagger-ui/swagger-ui-bundle.js
2025-06-17 09:49:23 [http-nio-8080-exec-7] TRACE o.s.s.w.c.SupplierDeferredSecurityContext - Created SecurityContextImpl [Null authentication]
2025-06-17 09:49:23 [http-nio-8080-exec-8] TRACE o.s.security.web.FilterChainProxy - Invoking DisableEncodeUrlFilter (1/12)
2025-06-17 09:49:23 [http-nio-8080-exec-7] TRACE o.s.s.w.a.AnonymousAuthenticationFilter - Set SecurityContextHolder to AnonymousAuthenticationToken [Principal=anonymousUser, Credentials=[PROTECTED], Authenticated=true, Details=WebAuthenticationDetails [RemoteIpAddress=0:0:0:0:0:0:0:1, SessionId=null], Granted Authorities=[ROLE_ANONYMOUS]]
2025-06-17 09:49:23 [http-nio-8080-exec-8] TRACE o.s.security.web.FilterChainProxy - Invoking WebAsyncManagerIntegrationFilter (2/12)
2025-06-17 09:49:23 [http-nio-8080-exec-7] TRACE o.s.security.web.FilterChainProxy - Invoking ExceptionTranslationFilter (11/12)
2025-06-17 09:49:23 [http-nio-8080-exec-8] TRACE o.s.security.web.FilterChainProxy - Invoking SecurityContextHolderFilter (3/12)
2025-06-17 09:49:23 [http-nio-8080-exec-7] TRACE o.s.security.web.FilterChainProxy - Invoking AuthorizationFilter (12/12)
2025-06-17 09:49:23 [http-nio-8080-exec-8] TRACE o.s.security.web.FilterChainProxy - Invoking HeaderWriterFilter (4/12)
2025-06-17 09:49:23 [http-nio-8080-exec-7] TRACE o.s.s.w.a.i.RequestMatcherDelegatingAuthorizationManager - Authorizing GET /swagger-ui/index.css
2025-06-17 09:49:23 [http-nio-8080-exec-8] TRACE o.s.security.web.FilterChainProxy - Invoking LogoutFilter (5/12)
2025-06-17 09:49:23 [http-nio-8080-exec-8] TRACE o.s.s.w.a.logout.LogoutFilter - Did not match request to Or [Ant [pattern='/logout', GET], Ant [pattern='/logout', POST], Ant [pattern='/logout', PUT], Ant [pattern='/logout', DELETE]]
2025-06-17 09:49:23 [http-nio-8080-exec-7] TRACE o.s.s.w.a.i.RequestMatcherDelegatingAuthorizationManager - Checking authorization on GET /swagger-ui/index.css using org.springframework.security.config.annotation.web.configurers.AuthorizeHttpRequestsConfigurer$$Lambda/0x0000021ebda63230@3d258e7b
2025-06-17 09:49:23 [http-nio-8080-exec-8] TRACE o.s.security.web.FilterChainProxy - Invoking JwtAuthRequestFilter (6/12)
2025-06-17 09:49:23 [http-nio-8080-exec-7] DEBUG o.s.security.web.FilterChainProxy - Secured GET /swagger-ui/index.css
2025-06-17 09:49:23 [http-nio-8080-exec-8] TRACE o.s.security.web.FilterChainProxy - Invoking RequestCacheAwareFilter (7/12)
2025-06-17 09:49:23 [http-nio-8080-exec-8] TRACE o.s.security.web.FilterChainProxy - Invoking SecurityContextHolderAwareRequestFilter (8/12)
2025-06-17 09:49:23 [http-nio-8080-exec-8] TRACE o.s.security.web.FilterChainProxy - Invoking AnonymousAuthenticationFilter (9/12)
2025-06-17 09:49:23 [http-nio-8080-exec-8] TRACE o.s.security.web.FilterChainProxy - Invoking SessionManagementFilter (10/12)
2025-06-17 09:49:23 [http-nio-8080-exec-8] TRACE o.s.s.w.c.SupplierDeferredSecurityContext - Created SecurityContextImpl [Null authentication]
2025-06-17 09:49:23 [http-nio-8080-exec-8] TRACE o.s.s.w.a.AnonymousAuthenticationFilter - Set SecurityContextHolder to AnonymousAuthenticationToken [Principal=anonymousUser, Credentials=[PROTECTED], Authenticated=true, Details=WebAuthenticationDetails [RemoteIpAddress=0:0:0:0:0:0:0:1, SessionId=null], Granted Authorities=[ROLE_ANONYMOUS]]
2025-06-17 09:49:23 [http-nio-8080-exec-8] TRACE o.s.security.web.FilterChainProxy - Invoking ExceptionTranslationFilter (11/12)
2025-06-17 09:49:23 [http-nio-8080-exec-8] TRACE o.s.security.web.FilterChainProxy - Invoking AuthorizationFilter (12/12)
2025-06-17 09:49:23 [http-nio-8080-exec-8] TRACE o.s.s.w.a.i.RequestMatcherDelegatingAuthorizationManager - Authorizing GET /swagger-ui/swagger-ui-bundle.js
2025-06-17 09:49:23 [http-nio-8080-exec-8] TRACE o.s.s.w.a.i.RequestMatcherDelegatingAuthorizationManager - Checking authorization on GET /swagger-ui/swagger-ui-bundle.js using org.springframework.security.config.annotation.web.configurers.AuthorizeHttpRequestsConfigurer$$Lambda/0x0000021ebda63230@3d258e7b
2025-06-17 09:49:23 [http-nio-8080-exec-8] DEBUG o.s.security.web.FilterChainProxy - Secured GET /swagger-ui/swagger-ui-bundle.js
2025-06-17 09:49:23 [http-nio-8080-exec-4] TRACE o.s.s.w.h.writers.HstsHeaderWriter - Not injecting HSTS header since it did not match request to [Is Secure]
2025-06-17 09:49:23 [http-nio-8080-exec-7] TRACE o.s.s.w.h.writers.HstsHeaderWriter - Not injecting HSTS header since it did not match request to [Is Secure]
2025-06-17 09:49:23 [http-nio-8080-exec-1] TRACE o.s.security.web.FilterChainProxy - Trying to match request against DefaultSecurityFilterChain defined as 'securityFilterChain' in [class path resource [com/hcltech/doctorpatient/config/SecurityConfiguration.class]] matching [any request] and having filters [DisableEncodeUrl, WebAsyncManagerIntegration, SecurityContextHolder, HeaderWriter, Logout, JwtAuthRequest, RequestCacheAware, SecurityContextHolderAwareRequest, AnonymousAuthentication, SessionManagement, ExceptionTranslation, Authorization] (1/1)
2025-06-17 09:49:23 [http-nio-8080-exec-8] TRACE o.s.s.w.h.writers.HstsHeaderWriter - Not injecting HSTS header since it did not match request to [Is Secure]
2025-06-17 09:49:23 [http-nio-8080-exec-1] DEBUG o.s.security.web.FilterChainProxy - Securing GET /swagger-ui/swagger-ui-standalone-preset.js
2025-06-17 09:49:23 [http-nio-8080-exec-1] TRACE o.s.security.web.FilterChainProxy - Invoking DisableEncodeUrlFilter (1/12)
2025-06-17 09:49:23 [http-nio-8080-exec-1] TRACE o.s.security.web.FilterChainProxy - Invoking WebAsyncManagerIntegrationFilter (2/12)
2025-06-17 09:49:23 [http-nio-8080-exec-1] TRACE o.s.security.web.FilterChainProxy - Invoking SecurityContextHolderFilter (3/12)
2025-06-17 09:49:23 [http-nio-8080-exec-1] TRACE o.s.security.web.FilterChainProxy - Invoking HeaderWriterFilter (4/12)
2025-06-17 09:49:23 [http-nio-8080-exec-1] TRACE o.s.security.web.FilterChainProxy - Invoking LogoutFilter (5/12)
2025-06-17 09:49:23 [http-nio-8080-exec-1] TRACE o.s.s.w.a.logout.LogoutFilter - Did not match request to Or [Ant [pattern='/logout', GET], Ant [pattern='/logout', POST], Ant [pattern='/logout', PUT], Ant [pattern='/logout', DELETE]]
2025-06-17 09:49:23 [http-nio-8080-exec-1] TRACE o.s.security.web.FilterChainProxy - Invoking JwtAuthRequestFilter (6/12)
2025-06-17 09:49:23 [http-nio-8080-exec-1] TRACE o.s.security.web.FilterChainProxy - Invoking RequestCacheAwareFilter (7/12)
2025-06-17 09:49:23 [http-nio-8080-exec-1] TRACE o.s.security.web.FilterChainProxy - Invoking SecurityContextHolderAwareRequestFilter (8/12)
2025-06-17 09:49:23 [http-nio-8080-exec-1] TRACE o.s.security.web.FilterChainProxy - Invoking AnonymousAuthenticationFilter (9/12)
2025-06-17 09:49:23 [http-nio-8080-exec-1] TRACE o.s.security.web.FilterChainProxy - Invoking SessionManagementFilter (10/12)
2025-06-17 09:49:23 [http-nio-8080-exec-1] TRACE o.s.s.w.c.SupplierDeferredSecurityContext - Created SecurityContextImpl [Null authentication]
2025-06-17 09:49:23 [http-nio-8080-exec-1] TRACE o.s.s.w.a.AnonymousAuthenticationFilter - Set SecurityContextHolder to AnonymousAuthenticationToken [Principal=anonymousUser, Credentials=[PROTECTED], Authenticated=true, Details=WebAuthenticationDetails [RemoteIpAddress=0:0:0:0:0:0:0:1, SessionId=null], Granted Authorities=[ROLE_ANONYMOUS]]
2025-06-17 09:49:23 [http-nio-8080-exec-1] TRACE o.s.security.web.FilterChainProxy - Invoking ExceptionTranslationFilter (11/12)
2025-06-17 09:49:23 [http-nio-8080-exec-1] TRACE o.s.security.web.FilterChainProxy - Invoking AuthorizationFilter (12/12)
2025-06-17 09:49:23 [http-nio-8080-exec-1] TRACE o.s.s.w.a.i.RequestMatcherDelegatingAuthorizationManager - Authorizing GET /swagger-ui/swagger-ui-standalone-preset.js
2025-06-17 09:49:23 [http-nio-8080-exec-1] TRACE o.s.s.w.a.i.RequestMatcherDelegatingAuthorizationManager - Checking authorization on GET /swagger-ui/swagger-ui-standalone-preset.js using org.springframework.security.config.annotation.web.configurers.AuthorizeHttpRequestsConfigurer$$Lambda/0x0000021ebda63230@3d258e7b
2025-06-17 09:49:23 [http-nio-8080-exec-1] DEBUG o.s.security.web.FilterChainProxy - Secured GET /swagger-ui/swagger-ui-standalone-preset.js
2025-06-17 09:49:23 [http-nio-8080-exec-2] TRACE o.s.security.web.FilterChainProxy - Trying to match request against DefaultSecurityFilterChain defined as 'securityFilterChain' in [class path resource [com/hcltech/doctorpatient/config/SecurityConfiguration.class]] matching [any request] and having filters [DisableEncodeUrl, WebAsyncManagerIntegration, SecurityContextHolder, HeaderWriter, Logout, JwtAuthRequest, RequestCacheAware, SecurityContextHolderAwareRequest, AnonymousAuthentication, SessionManagement, ExceptionTranslation, Authorization] (1/1)
2025-06-17 09:49:23 [http-nio-8080-exec-2] DEBUG o.s.security.web.FilterChainProxy - Securing GET /swagger-ui/swagger-initializer.js
2025-06-17 09:49:23 [http-nio-8080-exec-2] TRACE o.s.security.web.FilterChainProxy - Invoking DisableEncodeUrlFilter (1/12)
2025-06-17 09:49:23 [http-nio-8080-exec-2] TRACE o.s.security.web.FilterChainProxy - Invoking WebAsyncManagerIntegrationFilter (2/12)
2025-06-17 09:49:23 [http-nio-8080-exec-2] TRACE o.s.security.web.FilterChainProxy - Invoking SecurityContextHolderFilter (3/12)
2025-06-17 09:49:23 [http-nio-8080-exec-2] TRACE o.s.security.web.FilterChainProxy - Invoking HeaderWriterFilter (4/12)
2025-06-17 09:49:23 [http-nio-8080-exec-2] TRACE o.s.security.web.FilterChainProxy - Invoking LogoutFilter (5/12)
2025-06-17 09:49:23 [http-nio-8080-exec-2] TRACE o.s.s.w.a.logout.LogoutFilter - Did not match request to Or [Ant [pattern='/logout', GET], Ant [pattern='/logout', POST], Ant [pattern='/logout', PUT], Ant [pattern='/logout', DELETE]]
2025-06-17 09:49:23 [http-nio-8080-exec-2] TRACE o.s.security.web.FilterChainProxy - Invoking JwtAuthRequestFilter (6/12)
2025-06-17 09:49:23 [http-nio-8080-exec-2] TRACE o.s.security.web.FilterChainProxy - Invoking RequestCacheAwareFilter (7/12)
2025-06-17 09:49:23 [http-nio-8080-exec-2] TRACE o.s.security.web.FilterChainProxy - Invoking SecurityContextHolderAwareRequestFilter (8/12)
2025-06-17 09:49:23 [http-nio-8080-exec-2] TRACE o.s.security.web.FilterChainProxy - Invoking AnonymousAuthenticationFilter (9/12)
2025-06-17 09:49:23 [http-nio-8080-exec-2] TRACE o.s.security.web.FilterChainProxy - Invoking SessionManagementFilter (10/12)
2025-06-17 09:49:23 [http-nio-8080-exec-2] TRACE o.s.s.w.c.SupplierDeferredSecurityContext - Created SecurityContextImpl [Null authentication]
2025-06-17 09:49:23 [http-nio-8080-exec-2] TRACE o.s.s.w.a.AnonymousAuthenticationFilter - Set SecurityContextHolder to AnonymousAuthenticationToken [Principal=anonymousUser, Credentials=[PROTECTED], Authenticated=true, Details=WebAuthenticationDetails [RemoteIpAddress=0:0:0:0:0:0:0:1, SessionId=null], Granted Authorities=[ROLE_ANONYMOUS]]
2025-06-17 09:49:23 [http-nio-8080-exec-2] TRACE o.s.security.web.FilterChainProxy - Invoking ExceptionTranslationFilter (11/12)
2025-06-17 09:49:23 [http-nio-8080-exec-2] TRACE o.s.security.web.FilterChainProxy - Invoking AuthorizationFilter (12/12)
2025-06-17 09:49:23 [http-nio-8080-exec-2] TRACE o.s.s.w.a.i.RequestMatcherDelegatingAuthorizationManager - Authorizing GET /swagger-ui/swagger-initializer.js
2025-06-17 09:49:23 [http-nio-8080-exec-2] TRACE o.s.s.w.a.i.RequestMatcherDelegatingAuthorizationManager - Checking authorization on GET /swagger-ui/swagger-initializer.js using org.springframework.security.config.annotation.web.configurers.AuthorizeHttpRequestsConfigurer$$Lambda/0x0000021ebda63230@3d258e7b
2025-06-17 09:49:23 [http-nio-8080-exec-2] DEBUG o.s.security.web.FilterChainProxy - Secured GET /swagger-ui/swagger-initializer.js
2025-06-17 09:49:23 [http-nio-8080-exec-1] TRACE o.s.s.w.h.writers.HstsHeaderWriter - Not injecting HSTS header since it did not match request to [Is Secure]
2025-06-17 09:49:23 [http-nio-8080-exec-2] TRACE o.s.s.w.h.writers.HstsHeaderWriter - Not injecting HSTS header since it did not match request to [Is Secure]
2025-06-17 09:49:23 [http-nio-8080-exec-6] TRACE o.s.security.web.FilterChainProxy - Trying to match request against DefaultSecurityFilterChain defined as 'securityFilterChain' in [class path resource [com/hcltech/doctorpatient/config/SecurityConfiguration.class]] matching [any request] and having filters [DisableEncodeUrl, WebAsyncManagerIntegration, SecurityContextHolder, HeaderWriter, Logout, JwtAuthRequest, RequestCacheAware, SecurityContextHolderAwareRequest, AnonymousAuthentication, SessionManagement, ExceptionTranslation, Authorization] (1/1)
2025-06-17 09:49:23 [http-nio-8080-exec-5] TRACE o.s.security.web.FilterChainProxy - Trying to match request against DefaultSecurityFilterChain defined as 'securityFilterChain' in [class path resource [com/hcltech/doctorpatient/config/SecurityConfiguration.class]] matching [any request] and having filters [DisableEncodeUrl, WebAsyncManagerIntegration, SecurityContextHolder, HeaderWriter, Logout, JwtAuthRequest, RequestCacheAware, SecurityContextHolderAwareRequest, AnonymousAuthentication, SessionManagement, ExceptionTranslation, Authorization] (1/1)
2025-06-17 09:49:23 [http-nio-8080-exec-6] DEBUG o.s.security.web.FilterChainProxy - Securing GET /swagger-ui/favicon-32x32.png
2025-06-17 09:49:23 [http-nio-8080-exec-5] DEBUG o.s.security.web.FilterChainProxy - Securing GET /v3/api-docs/swagger-config
2025-06-17 09:49:23 [http-nio-8080-exec-6] TRACE o.s.security.web.FilterChainProxy - Invoking DisableEncodeUrlFilter (1/12)
2025-06-17 09:49:23 [http-nio-8080-exec-5] TRACE o.s.security.web.FilterChainProxy - Invoking DisableEncodeUrlFilter (1/12)
2025-06-17 09:49:23 [http-nio-8080-exec-6] TRACE o.s.security.web.FilterChainProxy - Invoking WebAsyncManagerIntegrationFilter (2/12)
2025-06-17 09:49:23 [http-nio-8080-exec-5] TRACE o.s.security.web.FilterChainProxy - Invoking WebAsyncManagerIntegrationFilter (2/12)
2025-06-17 09:49:23 [http-nio-8080-exec-6] TRACE o.s.security.web.FilterChainProxy - Invoking SecurityContextHolderFilter (3/12)
2025-06-17 09:49:23 [http-nio-8080-exec-5] TRACE o.s.security.web.FilterChainProxy - Invoking SecurityContextHolderFilter (3/12)
2025-06-17 09:49:23 [http-nio-8080-exec-6] TRACE o.s.security.web.FilterChainProxy - Invoking HeaderWriterFilter (4/12)
2025-06-17 09:49:23 [http-nio-8080-exec-5] TRACE o.s.security.web.FilterChainProxy - Invoking HeaderWriterFilter (4/12)
2025-06-17 09:49:23 [http-nio-8080-exec-6] TRACE o.s.security.web.FilterChainProxy - Invoking LogoutFilter (5/12)
2025-06-17 09:49:23 [http-nio-8080-exec-5] TRACE o.s.security.web.FilterChainProxy - Invoking LogoutFilter (5/12)
2025-06-17 09:49:23 [http-nio-8080-exec-6] TRACE o.s.s.w.a.logout.LogoutFilter - Did not match request to Or [Ant [pattern='/logout', GET], Ant [pattern='/logout', POST], Ant [pattern='/logout', PUT], Ant [pattern='/logout', DELETE]]
2025-06-17 09:49:23 [http-nio-8080-exec-5] TRACE o.s.s.w.a.logout.LogoutFilter - Did not match request to Or [Ant [pattern='/logout', GET], Ant [pattern='/logout', POST], Ant [pattern='/logout', PUT], Ant [pattern='/logout', DELETE]]
2025-06-17 09:49:23 [http-nio-8080-exec-6] TRACE o.s.security.web.FilterChainProxy - Invoking JwtAuthRequestFilter (6/12)
2025-06-17 09:49:23 [http-nio-8080-exec-5] TRACE o.s.security.web.FilterChainProxy - Invoking JwtAuthRequestFilter (6/12)
2025-06-17 09:49:23 [http-nio-8080-exec-6] TRACE o.s.security.web.FilterChainProxy - Invoking RequestCacheAwareFilter (7/12)
2025-06-17 09:49:23 [http-nio-8080-exec-5] TRACE o.s.security.web.FilterChainProxy - Invoking RequestCacheAwareFilter (7/12)
2025-06-17 09:49:23 [http-nio-8080-exec-6] TRACE o.s.security.web.FilterChainProxy - Invoking SecurityContextHolderAwareRequestFilter (8/12)
2025-06-17 09:49:23 [http-nio-8080-exec-5] TRACE o.s.security.web.FilterChainProxy - Invoking SecurityContextHolderAwareRequestFilter (8/12)
2025-06-17 09:49:23 [http-nio-8080-exec-6] TRACE o.s.security.web.FilterChainProxy - Invoking AnonymousAuthenticationFilter (9/12)
2025-06-17 09:49:23 [http-nio-8080-exec-5] TRACE o.s.security.web.FilterChainProxy - Invoking AnonymousAuthenticationFilter (9/12)
2025-06-17 09:49:23 [http-nio-8080-exec-6] TRACE o.s.security.web.FilterChainProxy - Invoking SessionManagementFilter (10/12)
2025-06-17 09:49:23 [http-nio-8080-exec-5] TRACE o.s.security.web.FilterChainProxy - Invoking SessionManagementFilter (10/12)
2025-06-17 09:49:23 [http-nio-8080-exec-6] TRACE o.s.s.w.c.SupplierDeferredSecurityContext - Created SecurityContextImpl [Null authentication]
2025-06-17 09:49:23 [http-nio-8080-exec-5] TRACE o.s.s.w.c.SupplierDeferredSecurityContext - Created SecurityContextImpl [Null authentication]
2025-06-17 09:49:23 [http-nio-8080-exec-5] TRACE o.s.s.w.a.AnonymousAuthenticationFilter - Set SecurityContextHolder to AnonymousAuthenticationToken [Principal=anonymousUser, Credentials=[PROTECTED], Authenticated=true, Details=WebAuthenticationDetails [RemoteIpAddress=0:0:0:0:0:0:0:1, SessionId=null], Granted Authorities=[ROLE_ANONYMOUS]]
2025-06-17 09:49:23 [http-nio-8080-exec-6] TRACE o.s.s.w.a.AnonymousAuthenticationFilter - Set SecurityContextHolder to AnonymousAuthenticationToken [Principal=anonymousUser, Credentials=[PROTECTED], Authenticated=true, Details=WebAuthenticationDetails [RemoteIpAddress=0:0:0:0:0:0:0:1, SessionId=null], Granted Authorities=[ROLE_ANONYMOUS]]
2025-06-17 09:49:23 [http-nio-8080-exec-5] TRACE o.s.security.web.FilterChainProxy - Invoking ExceptionTranslationFilter (11/12)
2025-06-17 09:49:23 [http-nio-8080-exec-6] TRACE o.s.security.web.FilterChainProxy - Invoking ExceptionTranslationFilter (11/12)
2025-06-17 09:49:23 [http-nio-8080-exec-5] TRACE o.s.security.web.FilterChainProxy - Invoking AuthorizationFilter (12/12)
2025-06-17 09:49:23 [http-nio-8080-exec-6] TRACE o.s.security.web.FilterChainProxy - Invoking AuthorizationFilter (12/12)
2025-06-17 09:49:23 [http-nio-8080-exec-5] TRACE o.s.s.w.a.i.RequestMatcherDelegatingAuthorizationManager - Authorizing GET /v3/api-docs/swagger-config
2025-06-17 09:49:23 [http-nio-8080-exec-6] TRACE o.s.s.w.a.i.RequestMatcherDelegatingAuthorizationManager - Authorizing GET /swagger-ui/favicon-32x32.png
2025-06-17 09:49:23 [http-nio-8080-exec-6] TRACE o.s.s.w.a.i.RequestMatcherDelegatingAuthorizationManager - Checking authorization on GET /swagger-ui/favicon-32x32.png using org.springframework.security.config.annotation.web.configurers.AuthorizeHttpRequestsConfigurer$$Lambda/0x0000021ebda63230@3d258e7b
2025-06-17 09:49:23 [http-nio-8080-exec-5] TRACE o.s.s.w.a.i.RequestMatcherDelegatingAuthorizationManager - Checking authorization on GET /v3/api-docs/swagger-config using org.springframework.security.config.annotation.web.configurers.AuthorizeHttpRequestsConfigurer$$Lambda/0x0000021ebda63230@3d258e7b
2025-06-17 09:49:23 [http-nio-8080-exec-6] DEBUG o.s.security.web.FilterChainProxy - Secured GET /swagger-ui/favicon-32x32.png
2025-06-17 09:49:23 [http-nio-8080-exec-5] DEBUG o.s.security.web.FilterChainProxy - Secured GET /v3/api-docs/swagger-config
2025-06-17 09:49:23 [http-nio-8080-exec-6] TRACE o.s.s.w.h.writers.HstsHeaderWriter - Not injecting HSTS header since it did not match request to [Is Secure]
2025-06-17 09:49:23 [http-nio-8080-exec-5] TRACE o.s.s.w.h.writers.HstsHeaderWriter - Not injecting HSTS header since it did not match request to [Is Secure]
2025-06-17 09:49:23 [http-nio-8080-exec-9] TRACE o.s.security.web.FilterChainProxy - Trying to match request against DefaultSecurityFilterChain defined as 'securityFilterChain' in [class path resource [com/hcltech/doctorpatient/config/SecurityConfiguration.class]] matching [any request] and having filters [DisableEncodeUrl, WebAsyncManagerIntegration, SecurityContextHolder, HeaderWriter, Logout, JwtAuthRequest, RequestCacheAware, SecurityContextHolderAwareRequest, AnonymousAuthentication, SessionManagement, ExceptionTranslation, Authorization] (1/1)
2025-06-17 09:49:23 [http-nio-8080-exec-9] DEBUG o.s.security.web.FilterChainProxy - Securing GET /v3/api-docs
2025-06-17 09:49:23 [http-nio-8080-exec-9] TRACE o.s.security.web.FilterChainProxy - Invoking DisableEncodeUrlFilter (1/12)
2025-06-17 09:49:23 [http-nio-8080-exec-9] TRACE o.s.security.web.FilterChainProxy - Invoking WebAsyncManagerIntegrationFilter (2/12)
2025-06-17 09:49:23 [http-nio-8080-exec-9] TRACE o.s.security.web.FilterChainProxy - Invoking SecurityContextHolderFilter (3/12)
2025-06-17 09:49:23 [http-nio-8080-exec-9] TRACE o.s.security.web.FilterChainProxy - Invoking HeaderWriterFilter (4/12)
2025-06-17 09:49:23 [http-nio-8080-exec-9] TRACE o.s.security.web.FilterChainProxy - Invoking LogoutFilter (5/12)
2025-06-17 09:49:23 [http-nio-8080-exec-9] TRACE o.s.s.w.a.logout.LogoutFilter - Did not match request to Or [Ant [pattern='/logout', GET], Ant [pattern='/logout', POST], Ant [pattern='/logout', PUT], Ant [pattern='/logout', DELETE]]
2025-06-17 09:49:23 [http-nio-8080-exec-9] TRACE o.s.security.web.FilterChainProxy - Invoking JwtAuthRequestFilter (6/12)
2025-06-17 09:49:23 [http-nio-8080-exec-9] TRACE o.s.security.web.FilterChainProxy - Invoking RequestCacheAwareFilter (7/12)
2025-06-17 09:49:23 [http-nio-8080-exec-9] TRACE o.s.security.web.FilterChainProxy - Invoking SecurityContextHolderAwareRequestFilter (8/12)
2025-06-17 09:49:23 [http-nio-8080-exec-9] TRACE o.s.security.web.FilterChainProxy - Invoking AnonymousAuthenticationFilter (9/12)
2025-06-17 09:49:23 [http-nio-8080-exec-9] TRACE o.s.security.web.FilterChainProxy - Invoking SessionManagementFilter (10/12)
2025-06-17 09:49:23 [http-nio-8080-exec-9] TRACE o.s.s.w.c.SupplierDeferredSecurityContext - Created SecurityContextImpl [Null authentication]
2025-06-17 09:49:23 [http-nio-8080-exec-9] TRACE o.s.s.w.a.AnonymousAuthenticationFilter - Set SecurityContextHolder to AnonymousAuthenticationToken [Principal=anonymousUser, Credentials=[PROTECTED], Authenticated=true, Details=WebAuthenticationDetails [RemoteIpAddress=0:0:0:0:0:0:0:1, SessionId=null], Granted Authorities=[ROLE_ANONYMOUS]]
2025-06-17 09:49:23 [http-nio-8080-exec-9] TRACE o.s.security.web.FilterChainProxy - Invoking ExceptionTranslationFilter (11/12)
2025-06-17 09:49:23 [http-nio-8080-exec-9] TRACE o.s.security.web.FilterChainProxy - Invoking AuthorizationFilter (12/12)
2025-06-17 09:49:23 [http-nio-8080-exec-9] TRACE o.s.s.w.a.i.RequestMatcherDelegatingAuthorizationManager - Authorizing GET /v3/api-docs
2025-06-17 09:49:23 [http-nio-8080-exec-9] TRACE o.s.s.w.a.i.RequestMatcherDelegatingAuthorizationManager - Checking authorization on GET /v3/api-docs using org.springframework.security.config.annotation.web.configurers.AuthorizeHttpRequestsConfigurer$$Lambda/0x0000021ebda63230@3d258e7b
2025-06-17 09:49:23 [http-nio-8080-exec-9] DEBUG o.s.security.web.FilterChainProxy - Secured GET /v3/api-docs
2025-06-17 09:49:24 [http-nio-8080-exec-9] INFO  o.s.api.AbstractOpenApiResource - Init duration for springdoc-openapi is: 1005 ms
2025-06-17 09:49:24 [http-nio-8080-exec-9] TRACE o.s.s.w.h.writers.HstsHeaderWriter - Not injecting HSTS header since it did not match request to [Is Secure]
2025-06-17 09:50:26 [http-nio-8080-exec-8] TRACE o.s.security.web.FilterChainProxy - Trying to match request against DefaultSecurityFilterChain defined as 'securityFilterChain' in [class path resource [com/hcltech/doctorpatient/config/SecurityConfiguration.class]] matching [any request] and having filters [DisableEncodeUrl, WebAsyncManagerIntegration, SecurityContextHolder, HeaderWriter, Logout, JwtAuthRequest, RequestCacheAware, SecurityContextHolderAwareRequest, AnonymousAuthentication, SessionManagement, ExceptionTranslation, Authorization] (1/1)
2025-06-17 09:50:26 [http-nio-8080-exec-8] DEBUG o.s.security.web.FilterChainProxy - Securing POST /api/users/register
2025-06-17 09:50:26 [http-nio-8080-exec-8] TRACE o.s.security.web.FilterChainProxy - Invoking DisableEncodeUrlFilter (1/12)
2025-06-17 09:50:26 [http-nio-8080-exec-8] TRACE o.s.security.web.FilterChainProxy - Invoking WebAsyncManagerIntegrationFilter (2/12)
2025-06-17 09:50:26 [http-nio-8080-exec-8] TRACE o.s.security.web.FilterChainProxy - Invoking SecurityContextHolderFilter (3/12)
2025-06-17 09:50:26 [http-nio-8080-exec-8] TRACE o.s.security.web.FilterChainProxy - Invoking HeaderWriterFilter (4/12)
2025-06-17 09:50:26 [http-nio-8080-exec-8] TRACE o.s.security.web.FilterChainProxy - Invoking LogoutFilter (5/12)
2025-06-17 09:50:26 [http-nio-8080-exec-8] TRACE o.s.s.w.a.logout.LogoutFilter - Did not match request to Or [Ant [pattern='/logout', GET], Ant [pattern='/logout', POST], Ant [pattern='/logout', PUT], Ant [pattern='/logout', DELETE]]
2025-06-17 09:50:26 [http-nio-8080-exec-8] TRACE o.s.security.web.FilterChainProxy - Invoking JwtAuthRequestFilter (6/12)
2025-06-17 09:50:26 [http-nio-8080-exec-8] TRACE o.s.security.web.FilterChainProxy - Invoking RequestCacheAwareFilter (7/12)
2025-06-17 09:50:26 [http-nio-8080-exec-8] TRACE o.s.security.web.FilterChainProxy - Invoking SecurityContextHolderAwareRequestFilter (8/12)
2025-06-17 09:50:26 [http-nio-8080-exec-8] TRACE o.s.security.web.FilterChainProxy - Invoking AnonymousAuthenticationFilter (9/12)
2025-06-17 09:50:26 [http-nio-8080-exec-8] TRACE o.s.security.web.FilterChainProxy - Invoking SessionManagementFilter (10/12)
2025-06-17 09:50:26 [http-nio-8080-exec-8] TRACE o.s.s.w.c.SupplierDeferredSecurityContext - Created SecurityContextImpl [Null authentication]
2025-06-17 09:50:26 [http-nio-8080-exec-8] TRACE o.s.s.w.a.AnonymousAuthenticationFilter - Set SecurityContextHolder to AnonymousAuthenticationToken [Principal=anonymousUser, Credentials=[PROTECTED], Authenticated=true, Details=WebAuthenticationDetails [RemoteIpAddress=0:0:0:0:0:0:0:1, SessionId=null], Granted Authorities=[ROLE_ANONYMOUS]]
2025-06-17 09:50:26 [http-nio-8080-exec-8] TRACE o.s.security.web.FilterChainProxy - Invoking ExceptionTranslationFilter (11/12)
2025-06-17 09:50:26 [http-nio-8080-exec-8] TRACE o.s.security.web.FilterChainProxy - Invoking AuthorizationFilter (12/12)
2025-06-17 09:50:26 [http-nio-8080-exec-8] TRACE o.s.s.w.a.i.RequestMatcherDelegatingAuthorizationManager - Authorizing POST /api/users/register
2025-06-17 09:50:26 [http-nio-8080-exec-8] TRACE o.s.s.w.a.i.RequestMatcherDelegatingAuthorizationManager - Checking authorization on POST /api/users/register using org.springframework.security.config.annotation.web.configurers.AuthorizeHttpRequestsConfigurer$$Lambda/0x0000021ebda63230@3d258e7b
2025-06-17 09:50:26 [http-nio-8080-exec-8] DEBUG o.s.security.web.FilterChainProxy - Secured POST /api/users/register
2025-06-17 09:50:26 [http-nio-8080-exec-8] INFO  c.h.d.controller.UserController - Registering new user: 9524474282
2025-06-17 09:50:26 [http-nio-8080-exec-8] INFO  c.h.d.controller.UserController - User registered successfully with ID: 5fb23c08-2012-479f-b85f-365fecefa58a
2025-06-17 09:50:26 [http-nio-8080-exec-8] TRACE o.s.s.w.h.writers.HstsHeaderWriter - Not injecting HSTS header since it did not match request to [Is Secure]
2025-06-17 09:50:46 [http-nio-8080-exec-2] TRACE o.s.security.web.FilterChainProxy - Trying to match request against DefaultSecurityFilterChain defined as 'securityFilterChain' in [class path resource [com/hcltech/doctorpatient/config/SecurityConfiguration.class]] matching [any request] and having filters [DisableEncodeUrl, WebAsyncManagerIntegration, SecurityContextHolder, HeaderWriter, Logout, JwtAuthRequest, RequestCacheAware, SecurityContextHolderAwareRequest, AnonymousAuthentication, SessionManagement, ExceptionTranslation, Authorization] (1/1)
2025-06-17 09:50:46 [http-nio-8080-exec-2] DEBUG o.s.security.web.FilterChainProxy - Securing POST /api/v1/auth/login
2025-06-17 09:50:46 [http-nio-8080-exec-2] TRACE o.s.security.web.FilterChainProxy - Invoking DisableEncodeUrlFilter (1/12)
2025-06-17 09:50:46 [http-nio-8080-exec-2] TRACE o.s.security.web.FilterChainProxy - Invoking WebAsyncManagerIntegrationFilter (2/12)
2025-06-17 09:50:46 [http-nio-8080-exec-2] TRACE o.s.security.web.FilterChainProxy - Invoking SecurityContextHolderFilter (3/12)
2025-06-17 09:50:46 [http-nio-8080-exec-2] TRACE o.s.security.web.FilterChainProxy - Invoking HeaderWriterFilter (4/12)
2025-06-17 09:50:46 [http-nio-8080-exec-2] TRACE o.s.security.web.FilterChainProxy - Invoking LogoutFilter (5/12)
2025-06-17 09:50:46 [http-nio-8080-exec-2] TRACE o.s.s.w.a.logout.LogoutFilter - Did not match request to Or [Ant [pattern='/logout', GET], Ant [pattern='/logout', POST], Ant [pattern='/logout', PUT], Ant [pattern='/logout', DELETE]]
2025-06-17 09:50:46 [http-nio-8080-exec-2] TRACE o.s.security.web.FilterChainProxy - Invoking JwtAuthRequestFilter (6/12)
2025-06-17 09:50:46 [http-nio-8080-exec-2] TRACE o.s.security.web.FilterChainProxy - Invoking RequestCacheAwareFilter (7/12)
2025-06-17 09:50:46 [http-nio-8080-exec-2] TRACE o.s.security.web.FilterChainProxy - Invoking SecurityContextHolderAwareRequestFilter (8/12)
2025-06-17 09:50:46 [http-nio-8080-exec-2] TRACE o.s.security.web.FilterChainProxy - Invoking AnonymousAuthenticationFilter (9/12)
2025-06-17 09:50:46 [http-nio-8080-exec-2] TRACE o.s.security.web.FilterChainProxy - Invoking SessionManagementFilter (10/12)
2025-06-17 09:50:46 [http-nio-8080-exec-2] TRACE o.s.s.w.c.SupplierDeferredSecurityContext - Created SecurityContextImpl [Null authentication]
2025-06-17 09:50:46 [http-nio-8080-exec-2] TRACE o.s.s.w.a.AnonymousAuthenticationFilter - Set SecurityContextHolder to AnonymousAuthenticationToken [Principal=anonymousUser, Credentials=[PROTECTED], Authenticated=true, Details=WebAuthenticationDetails [RemoteIpAddress=0:0:0:0:0:0:0:1, SessionId=null], Granted Authorities=[ROLE_ANONYMOUS]]
2025-06-17 09:50:46 [http-nio-8080-exec-2] TRACE o.s.security.web.FilterChainProxy - Invoking ExceptionTranslationFilter (11/12)
2025-06-17 09:50:46 [http-nio-8080-exec-2] TRACE o.s.security.web.FilterChainProxy - Invoking AuthorizationFilter (12/12)
2025-06-17 09:50:46 [http-nio-8080-exec-2] TRACE o.s.s.w.a.i.RequestMatcherDelegatingAuthorizationManager - Authorizing POST /api/v1/auth/login
2025-06-17 09:50:46 [http-nio-8080-exec-2] TRACE o.s.s.w.a.i.RequestMatcherDelegatingAuthorizationManager - Checking authorization on POST /api/v1/auth/login using org.springframework.security.config.annotation.web.configurers.AuthorizeHttpRequestsConfigurer$$Lambda/0x0000021ebda63230@3d258e7b
2025-06-17 09:50:46 [http-nio-8080-exec-2] DEBUG o.s.security.web.FilterChainProxy - Secured POST /api/v1/auth/login
2025-06-17 09:50:46 [http-nio-8080-exec-2] INFO  c.h.d.c.AuthenticationController - Login attempt for username: 9524474282
2025-06-17 09:50:46 [http-nio-8080-exec-2] TRACE o.s.s.authentication.ProviderManager - Authenticating request with DaoAuthenticationProvider (1/1)
2025-06-17 09:50:46 [http-nio-8080-exec-2] DEBUG o.s.s.a.d.DaoAuthenticationProvider - Authenticated user
2025-06-17 09:50:46 [http-nio-8080-exec-2] DEBUG c.h.d.c.AuthenticationController - Login successful for username: 9524474282
2025-06-17 09:50:46 [http-nio-8080-exec-2] TRACE o.s.s.w.h.writers.HstsHeaderWriter - Not injecting HSTS header since it did not match request to [Is Secure]
2025-06-17 09:51:36 [http-nio-8080-exec-6] TRACE o.s.security.web.FilterChainProxy - Trying to match request against DefaultSecurityFilterChain defined as 'securityFilterChain' in [class path resource [com/hcltech/doctorpatient/config/SecurityConfiguration.class]] matching [any request] and having filters [DisableEncodeUrl, WebAsyncManagerIntegration, SecurityContextHolder, HeaderWriter, Logout, JwtAuthRequest, RequestCacheAware, SecurityContextHolderAwareRequest, AnonymousAuthentication, SessionManagement, ExceptionTranslation, Authorization] (1/1)
2025-06-17 09:51:36 [http-nio-8080-exec-6] DEBUG o.s.security.web.FilterChainProxy - Securing POST /api/patients?id=5fb23c08-2012-479f-b85f-365fecefa58a
2025-06-17 09:51:36 [http-nio-8080-exec-6] TRACE o.s.security.web.FilterChainProxy - Invoking DisableEncodeUrlFilter (1/12)
2025-06-17 09:51:36 [http-nio-8080-exec-6] TRACE o.s.security.web.FilterChainProxy - Invoking WebAsyncManagerIntegrationFilter (2/12)
2025-06-17 09:51:36 [http-nio-8080-exec-6] TRACE o.s.security.web.FilterChainProxy - Invoking SecurityContextHolderFilter (3/12)
2025-06-17 09:51:36 [http-nio-8080-exec-6] TRACE o.s.security.web.FilterChainProxy - Invoking HeaderWriterFilter (4/12)
2025-06-17 09:51:36 [http-nio-8080-exec-6] TRACE o.s.security.web.FilterChainProxy - Invoking LogoutFilter (5/12)
2025-06-17 09:51:36 [http-nio-8080-exec-6] TRACE o.s.s.w.a.logout.LogoutFilter - Did not match request to Or [Ant [pattern='/logout', GET], Ant [pattern='/logout', POST], Ant [pattern='/logout', PUT], Ant [pattern='/logout', DELETE]]
2025-06-17 09:51:36 [http-nio-8080-exec-6] TRACE o.s.security.web.FilterChainProxy - Invoking JwtAuthRequestFilter (6/12)
2025-06-17 09:51:36 [http-nio-8080-exec-6] TRACE o.s.s.w.c.SupplierDeferredSecurityContext - Created SecurityContextImpl [Null authentication]
2025-06-17 09:51:36 [http-nio-8080-exec-6] TRACE o.s.security.web.FilterChainProxy - Invoking RequestCacheAwareFilter (7/12)
2025-06-17 09:51:36 [http-nio-8080-exec-6] TRACE o.s.security.web.FilterChainProxy - Invoking SecurityContextHolderAwareRequestFilter (8/12)
2025-06-17 09:51:36 [http-nio-8080-exec-6] TRACE o.s.security.web.FilterChainProxy - Invoking AnonymousAuthenticationFilter (9/12)
2025-06-17 09:51:36 [http-nio-8080-exec-6] TRACE o.s.security.web.FilterChainProxy - Invoking SessionManagementFilter (10/12)
2025-06-17 09:51:36 [http-nio-8080-exec-6] TRACE o.s.s.w.a.AnonymousAuthenticationFilter - Did not set SecurityContextHolder since already authenticated UsernamePasswordAuthenticationToken [Principal=org.springframework.security.core.userdetails.User [Username=9524474282, Password=[PROTECTED], Enabled=true, AccountNonExpired=true, CredentialsNonExpired=true, AccountNonLocked=true, Granted Authorities=[ROLE_PATIENT]], Credentials=[PROTECTED], Authenticated=true, Details=WebAuthenticationDetails [RemoteIpAddress=0:0:0:0:0:0:0:1, SessionId=null], Granted Authorities=[ROLE_PATIENT]]
2025-06-17 09:51:36 [http-nio-8080-exec-6] TRACE o.s.s.w.a.s.CompositeSessionAuthenticationStrategy - Preparing session with ChangeSessionIdAuthenticationStrategy (1/1)
2025-06-17 09:51:36 [http-nio-8080-exec-6] TRACE o.s.security.web.FilterChainProxy - Invoking ExceptionTranslationFilter (11/12)
2025-06-17 09:51:36 [http-nio-8080-exec-6] TRACE o.s.security.web.FilterChainProxy - Invoking AuthorizationFilter (12/12)
2025-06-17 09:51:36 [http-nio-8080-exec-6] TRACE o.s.s.w.a.i.RequestMatcherDelegatingAuthorizationManager - Authorizing POST /api/patients?id=5fb23c08-2012-479f-b85f-365fecefa58a
2025-06-17 09:51:36 [http-nio-8080-exec-6] TRACE o.s.s.w.a.i.RequestMatcherDelegatingAuthorizationManager - Checking authorization on POST /api/patients?id=5fb23c08-2012-479f-b85f-365fecefa58a using org.springframework.security.authorization.AuthenticatedAuthorizationManager@2720442a
2025-06-17 09:51:36 [http-nio-8080-exec-6] DEBUG o.s.security.web.FilterChainProxy - Secured POST /api/patients?id=5fb23c08-2012-479f-b85f-365fecefa58a
2025-06-17 09:51:36 [http-nio-8080-exec-6] TRACE o.s.s.a.i.a.MethodSecurityInterceptor - Did not re-authenticate UsernamePasswordAuthenticationToken [Principal=org.springframework.security.core.userdetails.User [Username=9524474282, Password=[PROTECTED], Enabled=true, AccountNonExpired=true, CredentialsNonExpired=true, AccountNonLocked=true, Granted Authorities=[ROLE_PATIENT]], Credentials=[PROTECTED], Authenticated=true, Details=WebAuthenticationDetails [RemoteIpAddress=0:0:0:0:0:0:0:1, SessionId=null], Granted Authorities=[ROLE_PATIENT]] before authorizing
2025-06-17 09:51:36 [http-nio-8080-exec-6] TRACE o.s.s.a.i.a.MethodSecurityInterceptor - Authorizing ReflectiveMethodInvocation: public org.springframework.http.ResponseEntity com.hcltech.doctorpatient.controller.PatientController.create(com.hcltech.doctorpatient.dto.patientdto.PatientRequestDto,java.util.UUID); target is of class [com.hcltech.doctorpatient.controller.PatientController] with attributes [[authorize: 'hasAnyRole('PATIENT','ADMIN')', filter: 'null', filterTarget: 'null']]
2025-06-17 09:51:36 [http-nio-8080-exec-6] DEBUG o.s.s.a.i.a.MethodSecurityInterceptor - Authorized ReflectiveMethodInvocation: public org.springframework.http.ResponseEntity com.hcltech.doctorpatient.controller.PatientController.create(com.hcltech.doctorpatient.dto.patientdto.PatientRequestDto,java.util.UUID); target is of class [com.hcltech.doctorpatient.controller.PatientController] with attributes [[authorize: 'hasAnyRole('PATIENT','ADMIN')', filter: 'null', filterTarget: 'null']]
2025-06-17 09:51:36 [http-nio-8080-exec-6] TRACE o.s.s.a.i.a.MethodSecurityInterceptor - Did not switch RunAs authentication since RunAsManager returned null
2025-06-17 09:51:36 [http-nio-8080-exec-6] INFO  c.h.d.controller.PatientController - Creating patient with reference ID: 5fb23c08-2012-479f-b85f-365fecefa58a
2025-06-17 09:51:56 [http-nio-8080-exec-6] TRACE o.s.s.w.h.writers.HstsHeaderWriter - Not injecting HSTS header since it did not match request to [Is Secure]
2025-06-17 09:51:56 [http-nio-8080-exec-6] WARN  o.s.w.s.m.m.a.ExceptionHandlerExceptionResolver - Resolved [java.lang.NullPointerException: Cannot invoke "com.hcltech.doctorpatient.repository.UserRepository.findByMobile(String)" because "this.userRepository" is null]
2025-06-17 09:52:02 [http-nio-8080-exec-5] TRACE o.s.security.web.FilterChainProxy - Trying to match request against DefaultSecurityFilterChain defined as 'securityFilterChain' in [class path resource [com/hcltech/doctorpatient/config/SecurityConfiguration.class]] matching [any request] and having filters [DisableEncodeUrl, WebAsyncManagerIntegration, SecurityContextHolder, HeaderWriter, Logout, JwtAuthRequest, RequestCacheAware, SecurityContextHolderAwareRequest, AnonymousAuthentication, SessionManagement, ExceptionTranslation, Authorization] (1/1)
2025-06-17 09:52:02 [http-nio-8080-exec-5] DEBUG o.s.security.web.FilterChainProxy - Securing POST /api/patients?id=5fb23c08-2012-479f-b85f-365fecefa58a
2025-06-17 09:52:02 [http-nio-8080-exec-5] TRACE o.s.security.web.FilterChainProxy - Invoking DisableEncodeUrlFilter (1/12)
2025-06-17 09:52:02 [http-nio-8080-exec-5] TRACE o.s.security.web.FilterChainProxy - Invoking WebAsyncManagerIntegrationFilter (2/12)
2025-06-17 09:52:02 [http-nio-8080-exec-5] TRACE o.s.security.web.FilterChainProxy - Invoking SecurityContextHolderFilter (3/12)
2025-06-17 09:52:02 [http-nio-8080-exec-5] TRACE o.s.security.web.FilterChainProxy - Invoking HeaderWriterFilter (4/12)
2025-06-17 09:52:02 [http-nio-8080-exec-5] TRACE o.s.security.web.FilterChainProxy - Invoking LogoutFilter (5/12)
2025-06-17 09:52:02 [http-nio-8080-exec-5] TRACE o.s.s.w.a.logout.LogoutFilter - Did not match request to Or [Ant [pattern='/logout', GET], Ant [pattern='/logout', POST], Ant [pattern='/logout', PUT], Ant [pattern='/logout', DELETE]]
2025-06-17 09:52:02 [http-nio-8080-exec-5] TRACE o.s.security.web.FilterChainProxy - Invoking JwtAuthRequestFilter (6/12)
2025-06-17 09:52:02 [http-nio-8080-exec-5] TRACE o.s.s.w.c.SupplierDeferredSecurityContext - Created SecurityContextImpl [Null authentication]
2025-06-17 09:52:02 [http-nio-8080-exec-5] TRACE o.s.security.web.FilterChainProxy - Invoking RequestCacheAwareFilter (7/12)
2025-06-17 09:52:02 [http-nio-8080-exec-5] TRACE o.s.security.web.FilterChainProxy - Invoking SecurityContextHolderAwareRequestFilter (8/12)
2025-06-17 09:52:02 [http-nio-8080-exec-5] TRACE o.s.security.web.FilterChainProxy - Invoking AnonymousAuthenticationFilter (9/12)
2025-06-17 09:52:02 [http-nio-8080-exec-5] TRACE o.s.security.web.FilterChainProxy - Invoking SessionManagementFilter (10/12)
2025-06-17 09:52:02 [http-nio-8080-exec-5] TRACE o.s.s.w.a.AnonymousAuthenticationFilter - Did not set SecurityContextHolder since already authenticated UsernamePasswordAuthenticationToken [Principal=org.springframework.security.core.userdetails.User [Username=9524474282, Password=[PROTECTED], Enabled=true, AccountNonExpired=true, CredentialsNonExpired=true, AccountNonLocked=true, Granted Authorities=[ROLE_PATIENT]], Credentials=[PROTECTED], Authenticated=true, Details=WebAuthenticationDetails [RemoteIpAddress=0:0:0:0:0:0:0:1, SessionId=null], Granted Authorities=[ROLE_PATIENT]]
2025-06-17 09:52:02 [http-nio-8080-exec-5] TRACE o.s.s.w.a.s.CompositeSessionAuthenticationStrategy - Preparing session with ChangeSessionIdAuthenticationStrategy (1/1)
2025-06-17 09:52:02 [http-nio-8080-exec-5] TRACE o.s.security.web.FilterChainProxy - Invoking ExceptionTranslationFilter (11/12)
2025-06-17 09:52:02 [http-nio-8080-exec-5] TRACE o.s.security.web.FilterChainProxy - Invoking AuthorizationFilter (12/12)
2025-06-17 09:52:02 [http-nio-8080-exec-5] TRACE o.s.s.w.a.i.RequestMatcherDelegatingAuthorizationManager - Authorizing POST /api/patients?id=5fb23c08-2012-479f-b85f-365fecefa58a
2025-06-17 09:52:02 [http-nio-8080-exec-5] TRACE o.s.s.w.a.i.RequestMatcherDelegatingAuthorizationManager - Checking authorization on POST /api/patients?id=5fb23c08-2012-479f-b85f-365fecefa58a using org.springframework.security.authorization.AuthenticatedAuthorizationManager@2720442a
2025-06-17 09:52:02 [http-nio-8080-exec-5] DEBUG o.s.security.web.FilterChainProxy - Secured POST /api/patients?id=5fb23c08-2012-479f-b85f-365fecefa58a
2025-06-17 09:52:02 [http-nio-8080-exec-5] TRACE o.s.s.a.i.a.MethodSecurityInterceptor - Did not re-authenticate UsernamePasswordAuthenticationToken [Principal=org.springframework.security.core.userdetails.User [Username=9524474282, Password=[PROTECTED], Enabled=true, AccountNonExpired=true, CredentialsNonExpired=true, AccountNonLocked=true, Granted Authorities=[ROLE_PATIENT]], Credentials=[PROTECTED], Authenticated=true, Details=WebAuthenticationDetails [RemoteIpAddress=0:0:0:0:0:0:0:1, SessionId=null], Granted Authorities=[ROLE_PATIENT]] before authorizing
2025-06-17 09:52:02 [http-nio-8080-exec-5] TRACE o.s.s.a.i.a.MethodSecurityInterceptor - Authorizing ReflectiveMethodInvocation: public org.springframework.http.ResponseEntity com.hcltech.doctorpatient.controller.PatientController.create(com.hcltech.doctorpatient.dto.patientdto.PatientRequestDto,java.util.UUID); target is of class [com.hcltech.doctorpatient.controller.PatientController] with attributes [[authorize: 'hasAnyRole('PATIENT','ADMIN')', filter: 'null', filterTarget: 'null']]
2025-06-17 09:52:02 [http-nio-8080-exec-5] DEBUG o.s.s.a.i.a.MethodSecurityInterceptor - Authorized ReflectiveMethodInvocation: public org.springframework.http.ResponseEntity com.hcltech.doctorpatient.controller.PatientController.create(com.hcltech.doctorpatient.dto.patientdto.PatientRequestDto,java.util.UUID); target is of class [com.hcltech.doctorpatient.controller.PatientController] with attributes [[authorize: 'hasAnyRole('PATIENT','ADMIN')', filter: 'null', filterTarget: 'null']]
2025-06-17 09:52:02 [http-nio-8080-exec-5] TRACE o.s.s.a.i.a.MethodSecurityInterceptor - Did not switch RunAs authentication since RunAsManager returned null
2025-06-17 09:52:02 [http-nio-8080-exec-5] INFO  c.h.d.controller.PatientController - Creating patient with reference ID: 5fb23c08-2012-479f-b85f-365fecefa58a
2025-06-17 09:52:27 [http-nio-8080-exec-5] TRACE o.s.s.w.h.writers.HstsHeaderWriter - Not injecting HSTS header since it did not match request to [Is Secure]
2025-06-17 09:52:27 [http-nio-8080-exec-5] WARN  o.s.w.s.m.m.a.ExceptionHandlerExceptionResolver - Resolved [java.lang.NullPointerException: Cannot invoke "com.hcltech.doctorpatient.repository.UserRepository.findByMobile(String)" because "this.userRepository" is null]
2025-06-17 09:52:31 [http-nio-8080-exec-9] TRACE o.s.security.web.FilterChainProxy - Trying to match request against DefaultSecurityFilterChain defined as 'securityFilterChain' in [class path resource [com/hcltech/doctorpatient/config/SecurityConfiguration.class]] matching [any request] and having filters [DisableEncodeUrl, WebAsyncManagerIntegration, SecurityContextHolder, HeaderWriter, Logout, JwtAuthRequest, RequestCacheAware, SecurityContextHolderAwareRequest, AnonymousAuthentication, SessionManagement, ExceptionTranslation, Authorization] (1/1)
2025-06-17 09:52:31 [http-nio-8080-exec-9] DEBUG o.s.security.web.FilterChainProxy - Securing POST /api/patients?id=5fb23c08-2012-479f-b85f-365fecefa58a
2025-06-17 09:52:31 [http-nio-8080-exec-9] TRACE o.s.security.web.FilterChainProxy - Invoking DisableEncodeUrlFilter (1/12)
2025-06-17 09:52:31 [http-nio-8080-exec-9] TRACE o.s.security.web.FilterChainProxy - Invoking WebAsyncManagerIntegrationFilter (2/12)
2025-06-17 09:52:31 [http-nio-8080-exec-9] TRACE o.s.security.web.FilterChainProxy - Invoking SecurityContextHolderFilter (3/12)
2025-06-17 09:52:31 [http-nio-8080-exec-9] TRACE o.s.security.web.FilterChainProxy - Invoking HeaderWriterFilter (4/12)
2025-06-17 09:52:31 [http-nio-8080-exec-9] TRACE o.s.security.web.FilterChainProxy - Invoking LogoutFilter (5/12)
2025-06-17 09:52:31 [http-nio-8080-exec-9] TRACE o.s.s.w.a.logout.LogoutFilter - Did not match request to Or [Ant [pattern='/logout', GET], Ant [pattern='/logout', POST], Ant [pattern='/logout', PUT], Ant [pattern='/logout', DELETE]]
2025-06-17 09:52:31 [http-nio-8080-exec-9] TRACE o.s.security.web.FilterChainProxy - Invoking JwtAuthRequestFilter (6/12)
2025-06-17 09:52:31 [http-nio-8080-exec-9] TRACE o.s.s.w.c.SupplierDeferredSecurityContext - Created SecurityContextImpl [Null authentication]
2025-06-17 09:52:31 [http-nio-8080-exec-9] TRACE o.s.security.web.FilterChainProxy - Invoking RequestCacheAwareFilter (7/12)
2025-06-17 09:52:31 [http-nio-8080-exec-9] TRACE o.s.security.web.FilterChainProxy - Invoking SecurityContextHolderAwareRequestFilter (8/12)
2025-06-17 09:52:31 [http-nio-8080-exec-9] TRACE o.s.security.web.FilterChainProxy - Invoking AnonymousAuthenticationFilter (9/12)
2025-06-17 09:52:31 [http-nio-8080-exec-9] TRACE o.s.security.web.FilterChainProxy - Invoking SessionManagementFilter (10/12)
2025-06-17 09:52:31 [http-nio-8080-exec-9] TRACE o.s.s.w.a.AnonymousAuthenticationFilter - Did not set SecurityContextHolder since already authenticated UsernamePasswordAuthenticationToken [Principal=org.springframework.security.core.userdetails.User [Username=9524474282, Password=[PROTECTED], Enabled=true, AccountNonExpired=true, CredentialsNonExpired=true, AccountNonLocked=true, Granted Authorities=[ROLE_PATIENT]], Credentials=[PROTECTED], Authenticated=true, Details=WebAuthenticationDetails [RemoteIpAddress=0:0:0:0:0:0:0:1, SessionId=null], Granted Authorities=[ROLE_PATIENT]]
2025-06-17 09:52:31 [http-nio-8080-exec-9] TRACE o.s.s.w.a.s.CompositeSessionAuthenticationStrategy - Preparing session with ChangeSessionIdAuthenticationStrategy (1/1)
2025-06-17 09:52:31 [http-nio-8080-exec-9] TRACE o.s.security.web.FilterChainProxy - Invoking ExceptionTranslationFilter (11/12)
2025-06-17 09:52:31 [http-nio-8080-exec-9] TRACE o.s.security.web.FilterChainProxy - Invoking AuthorizationFilter (12/12)
2025-06-17 09:52:31 [http-nio-8080-exec-9] TRACE o.s.s.w.a.i.RequestMatcherDelegatingAuthorizationManager - Authorizing POST /api/patients?id=5fb23c08-2012-479f-b85f-365fecefa58a
2025-06-17 09:52:31 [http-nio-8080-exec-9] TRACE o.s.s.w.a.i.RequestMatcherDelegatingAuthorizationManager - Checking authorization on POST /api/patients?id=5fb23c08-2012-479f-b85f-365fecefa58a using org.springframework.security.authorization.AuthenticatedAuthorizationManager@2720442a
2025-06-17 09:52:31 [http-nio-8080-exec-9] DEBUG o.s.security.web.FilterChainProxy - Secured POST /api/patients?id=5fb23c08-2012-479f-b85f-365fecefa58a
2025-06-17 09:52:31 [http-nio-8080-exec-9] TRACE o.s.s.a.i.a.MethodSecurityInterceptor - Did not re-authenticate UsernamePasswordAuthenticationToken [Principal=org.springframework.security.core.userdetails.User [Username=9524474282, Password=[PROTECTED], Enabled=true, AccountNonExpired=true, CredentialsNonExpired=true, AccountNonLocked=true, Granted Authorities=[ROLE_PATIENT]], Credentials=[PROTECTED], Authenticated=true, Details=WebAuthenticationDetails [RemoteIpAddress=0:0:0:0:0:0:0:1, SessionId=null], Granted Authorities=[ROLE_PATIENT]] before authorizing
2025-06-17 09:52:31 [http-nio-8080-exec-9] TRACE o.s.s.a.i.a.MethodSecurityInterceptor - Authorizing ReflectiveMethodInvocation: public org.springframework.http.ResponseEntity com.hcltech.doctorpatient.controller.PatientController.create(com.hcltech.doctorpatient.dto.patientdto.PatientRequestDto,java.util.UUID); target is of class [com.hcltech.doctorpatient.controller.PatientController] with attributes [[authorize: 'hasAnyRole('PATIENT','ADMIN')', filter: 'null', filterTarget: 'null']]
2025-06-17 09:52:31 [http-nio-8080-exec-9] DEBUG o.s.s.a.i.a.MethodSecurityInterceptor - Authorized ReflectiveMethodInvocation: public org.springframework.http.ResponseEntity com.hcltech.doctorpatient.controller.PatientController.create(com.hcltech.doctorpatient.dto.patientdto.PatientRequestDto,java.util.UUID); target is of class [com.hcltech.doctorpatient.controller.PatientController] with attributes [[authorize: 'hasAnyRole('PATIENT','ADMIN')', filter: 'null', filterTarget: 'null']]
2025-06-17 09:52:31 [http-nio-8080-exec-9] TRACE o.s.s.a.i.a.MethodSecurityInterceptor - Did not switch RunAs authentication since RunAsManager returned null
2025-06-17 09:52:31 [http-nio-8080-exec-9] INFO  c.h.d.controller.PatientController - Creating patient with reference ID: 5fb23c08-2012-479f-b85f-365fecefa58a
2025-06-17 09:52:40 [http-nio-8080-exec-9] TRACE o.s.s.w.h.writers.HstsHeaderWriter - Not injecting HSTS header since it did not match request to [Is Secure]
2025-06-17 09:52:40 [http-nio-8080-exec-9] WARN  o.s.w.s.m.m.a.ExceptionHandlerExceptionResolver - Resolved [java.lang.NullPointerException: Cannot invoke "com.hcltech.doctorpatient.repository.UserRepository.findByMobile(String)" because "this.userRepository" is null]
2025-06-17 09:52:42 [http-nio-8080-exec-7] TRACE o.s.security.web.FilterChainProxy - Trying to match request against DefaultSecurityFilterChain defined as 'securityFilterChain' in [class path resource [com/hcltech/doctorpatient/config/SecurityConfiguration.class]] matching [any request] and having filters [DisableEncodeUrl, WebAsyncManagerIntegration, SecurityContextHolder, HeaderWriter, Logout, JwtAuthRequest, RequestCacheAware, SecurityContextHolderAwareRequest, AnonymousAuthentication, SessionManagement, ExceptionTranslation, Authorization] (1/1)
2025-06-17 09:52:42 [http-nio-8080-exec-7] DEBUG o.s.security.web.FilterChainProxy - Securing POST /api/patients?id=5fb23c08-2012-479f-b85f-365fecefa58a
2025-06-17 09:52:42 [http-nio-8080-exec-7] TRACE o.s.security.web.FilterChainProxy - Invoking DisableEncodeUrlFilter (1/12)
2025-06-17 09:52:42 [http-nio-8080-exec-7] TRACE o.s.security.web.FilterChainProxy - Invoking WebAsyncManagerIntegrationFilter (2/12)
2025-06-17 09:52:42 [http-nio-8080-exec-7] TRACE o.s.security.web.FilterChainProxy - Invoking SecurityContextHolderFilter (3/12)
2025-06-17 09:52:42 [http-nio-8080-exec-7] TRACE o.s.security.web.FilterChainProxy - Invoking HeaderWriterFilter (4/12)
2025-06-17 09:52:42 [http-nio-8080-exec-7] TRACE o.s.security.web.FilterChainProxy - Invoking LogoutFilter (5/12)
2025-06-17 09:52:42 [http-nio-8080-exec-7] TRACE o.s.s.w.a.logout.LogoutFilter - Did not match request to Or [Ant [pattern='/logout', GET], Ant [pattern='/logout', POST], Ant [pattern='/logout', PUT], Ant [pattern='/logout', DELETE]]
2025-06-17 09:52:42 [http-nio-8080-exec-7] TRACE o.s.security.web.FilterChainProxy - Invoking JwtAuthRequestFilter (6/12)
2025-06-17 09:52:42 [http-nio-8080-exec-7] TRACE o.s.s.w.c.SupplierDeferredSecurityContext - Created SecurityContextImpl [Null authentication]
2025-06-17 09:52:42 [http-nio-8080-exec-7] TRACE o.s.security.web.FilterChainProxy - Invoking RequestCacheAwareFilter (7/12)
2025-06-17 09:52:42 [http-nio-8080-exec-7] TRACE o.s.security.web.FilterChainProxy - Invoking SecurityContextHolderAwareRequestFilter (8/12)
2025-06-17 09:52:42 [http-nio-8080-exec-7] TRACE o.s.security.web.FilterChainProxy - Invoking AnonymousAuthenticationFilter (9/12)
2025-06-17 09:52:42 [http-nio-8080-exec-7] TRACE o.s.security.web.FilterChainProxy - Invoking SessionManagementFilter (10/12)
2025-06-17 09:52:42 [http-nio-8080-exec-7] TRACE o.s.s.w.a.AnonymousAuthenticationFilter - Did not set SecurityContextHolder since already authenticated UsernamePasswordAuthenticationToken [Principal=org.springframework.security.core.userdetails.User [Username=9524474282, Password=[PROTECTED], Enabled=true, AccountNonExpired=true, CredentialsNonExpired=true, AccountNonLocked=true, Granted Authorities=[ROLE_PATIENT]], Credentials=[PROTECTED], Authenticated=true, Details=WebAuthenticationDetails [RemoteIpAddress=0:0:0:0:0:0:0:1, SessionId=null], Granted Authorities=[ROLE_PATIENT]]
2025-06-17 09:52:42 [http-nio-8080-exec-7] TRACE o.s.s.w.a.s.CompositeSessionAuthenticationStrategy - Preparing session with ChangeSessionIdAuthenticationStrategy (1/1)
2025-06-17 09:52:42 [http-nio-8080-exec-7] TRACE o.s.security.web.FilterChainProxy - Invoking ExceptionTranslationFilter (11/12)
2025-06-17 09:52:42 [http-nio-8080-exec-7] TRACE o.s.security.web.FilterChainProxy - Invoking AuthorizationFilter (12/12)
2025-06-17 09:52:42 [http-nio-8080-exec-7] TRACE o.s.s.w.a.i.RequestMatcherDelegatingAuthorizationManager - Authorizing POST /api/patients?id=5fb23c08-2012-479f-b85f-365fecefa58a
2025-06-17 09:52:42 [http-nio-8080-exec-7] TRACE o.s.s.w.a.i.RequestMatcherDelegatingAuthorizationManager - Checking authorization on POST /api/patients?id=5fb23c08-2012-479f-b85f-365fecefa58a using org.springframework.security.authorization.AuthenticatedAuthorizationManager@2720442a
2025-06-17 09:52:42 [http-nio-8080-exec-7] DEBUG o.s.security.web.FilterChainProxy - Secured POST /api/patients?id=5fb23c08-2012-479f-b85f-365fecefa58a
2025-06-17 09:52:42 [http-nio-8080-exec-7] TRACE o.s.s.a.i.a.MethodSecurityInterceptor - Did not re-authenticate UsernamePasswordAuthenticationToken [Principal=org.springframework.security.core.userdetails.User [Username=9524474282, Password=[PROTECTED], Enabled=true, AccountNonExpired=true, CredentialsNonExpired=true, AccountNonLocked=true, Granted Authorities=[ROLE_PATIENT]], Credentials=[PROTECTED], Authenticated=true, Details=WebAuthenticationDetails [RemoteIpAddress=0:0:0:0:0:0:0:1, SessionId=null], Granted Authorities=[ROLE_PATIENT]] before authorizing
2025-06-17 09:52:42 [http-nio-8080-exec-7] TRACE o.s.s.a.i.a.MethodSecurityInterceptor - Authorizing ReflectiveMethodInvocation: public org.springframework.http.ResponseEntity com.hcltech.doctorpatient.controller.PatientController.create(com.hcltech.doctorpatient.dto.patientdto.PatientRequestDto,java.util.UUID); target is of class [com.hcltech.doctorpatient.controller.PatientController] with attributes [[authorize: 'hasAnyRole('PATIENT','ADMIN')', filter: 'null', filterTarget: 'null']]
2025-06-17 09:52:42 [http-nio-8080-exec-7] DEBUG o.s.s.a.i.a.MethodSecurityInterceptor - Authorized ReflectiveMethodInvocation: public org.springframework.http.ResponseEntity com.hcltech.doctorpatient.controller.PatientController.create(com.hcltech.doctorpatient.dto.patientdto.PatientRequestDto,java.util.UUID); target is of class [com.hcltech.doctorpatient.controller.PatientController] with attributes [[authorize: 'hasAnyRole('PATIENT','ADMIN')', filter: 'null', filterTarget: 'null']]
2025-06-17 09:52:42 [http-nio-8080-exec-7] TRACE o.s.s.a.i.a.MethodSecurityInterceptor - Did not switch RunAs authentication since RunAsManager returned null
2025-06-17 09:52:42 [http-nio-8080-exec-7] INFO  c.h.d.controller.PatientController - Creating patient with reference ID: 5fb23c08-2012-479f-b85f-365fecefa58a
